00:14:53:682  WARN 89862 --- [smartcampus] [HikariPool-1 housekeeper] com.zaxxer.hikari.pool.HikariPool        : HikariPool-1 - Thread starvation or clock leap detected (housekeeper delta=1h29m16s798ms).
01:06:24:798  WARN 89862 --- [smartcampus] [HikariPool-1 housekeeper] com.zaxxer.hikari.pool.HikariPool        : HikariPool-1 - Thread starvation or clock leap detected (housekeeper delta=51m31s117ms).
02:16:57:739  WARN 89862 --- [smartcampus] [HikariPool-1 housekeeper] com.zaxxer.hikari.pool.HikariPool        : HikariPool-1 - Thread starvation or clock leap detected (housekeeper delta=1h10m32s941ms).
03:34:33:597  WARN 89862 --- [smartcampus] [HikariPool-1 housekeeper] com.zaxxer.hikari.pool.HikariPool        : HikariPool-1 - Thread starvation or clock leap detected (housekeeper delta=1h17m35s858ms).
04:07:32:101  INFO 89862 --- [smartcampus] [scheduling-1] c.a.s.model.store.MemoryStoreScheduler   : 缓存统计 - 大小: 0/1000, Redis状态: true, 脏数据: 0, 过期数据: 0
04:51:51:363  WARN 89862 --- [smartcampus] [HikariPool-1 housekeeper] com.zaxxer.hikari.pool.HikariPool        : HikariPool-1 - Thread starvation or clock leap detected (housekeeper delta=1h17m17s766ms).
06:08:09:283  WARN 89862 --- [smartcampus] [HikariPool-1 housekeeper] com.zaxxer.hikari.pool.HikariPool        : HikariPool-1 - Thread starvation or clock leap detected (housekeeper delta=1h16m17s920ms).
07:21:57:232  WARN 89862 --- [smartcampus] [HikariPool-1 housekeeper] com.zaxxer.hikari.pool.HikariPool        : HikariPool-1 - Thread starvation or clock leap detected (housekeeper delta=1h13m47s949ms).
08:22:59:533  WARN 89862 --- [smartcampus] [HikariPool-1 housekeeper] com.zaxxer.hikari.pool.HikariPool        : HikariPool-1 - Thread starvation or clock leap detected (housekeeper delta=1h1m2s301ms).
09:10:41:000  WARN 89862 --- [smartcampus] [HikariPool-1 housekeeper] com.zaxxer.hikari.pool.HikariPool        : HikariPool-1 - Thread starvation or clock leap detected (housekeeper delta=47m41s467ms).
09:20:56:784  WARN 89862 --- [smartcampus] [HikariPool-1 housekeeper] com.zaxxer.hikari.pool.HikariPool        : HikariPool-1 - Thread starvation or clock leap detected (housekeeper delta=10m15s784ms).
09:23:04:589  INFO 89862 --- [smartcampus] [scheduling-1] c.a.s.model.store.MemoryStoreScheduler   : 缓存统计 - 大小: 0/1000, Redis状态: true, 脏数据: 0, 过期数据: 0
09:28:04:583  INFO 89862 --- [smartcampus] [scheduling-1] c.a.s.model.store.MemoryStoreScheduler   : 缓存统计 - 大小: 0/1000, Redis状态: true, 脏数据: 0, 过期数据: 0
09:30:48:765  INFO 92229 --- [smartcampus] [main] c.a.s.s.impl.CourseServiceImplTest       : Starting CourseServiceImplTest using Java 23.0.2 with PID 92229 (started by lk_hhh in /Users/lk_hhh/Documents/ss/SmartCampus)
09:30:48:765  INFO 92229 --- [smartcampus] [main] c.a.s.s.impl.CourseServiceImplTest       : No active profile set, falling back to 1 default profile: "default"
09:30:49:135  INFO 92229 --- [smartcampus] [main] .s.d.r.c.RepositoryConfigurationDelegate : Multiple Spring Data modules found, entering strict repository configuration mode
09:30:49:136  INFO 92229 --- [smartcampus] [main] .s.d.r.c.RepositoryConfigurationDelegate : Bootstrapping Spring Data Redis repositories in DEFAULT mode.
09:30:49:151  INFO 92229 --- [smartcampus] [main] .s.d.r.c.RepositoryConfigurationDelegate : Finished Spring Data repository scanning in 9 ms. Found 0 Redis repository interfaces.
09:30:49:451  INFO 92229 --- [smartcampus] [main] c.a.s.commons.client.ResultCilent        : 任务结果客户端初始化成功
09:30:49:453  INFO 92229 --- [smartcampus] [DelayedQueue-Consumer] c.a.s.c.d.IntentDelayedQueueClien        : 延时队列处理线程启动
09:30:49:769  WARN 92229 --- [smartcampus] [main] i.n.r.d.DnsServerAddressStreamProviders  : Can not find io.netty.resolver.dns.macos.MacOSDnsServerAddressStreamProvider in the classpath, fallback to system defaults. This may result in incorrect DNS resolutions on MacOS. Check whether you have a dependency on 'io.netty:netty-resolver-dns-native-macos'
09:30:52:250  INFO 92229 --- [smartcampus] [main] c.a.s.m.h.EnhancedAutoRegisterHandler    : 处理器已注册SeptIntentRagHandler
09:30:52:251  INFO 92229 --- [smartcampus] [main] c.a.s.c.c.EnhancedHandlerRegisterClient  : 处理器 [SeptIntentRagHandler] 注册成功
09:30:52:252  INFO 92229 --- [smartcampus] [main] c.a.s.m.h.EnhancedAutoRegisterHandler    : 处理器已注册StepIntentFuncHandler
09:30:52:252  INFO 92229 --- [smartcampus] [main] c.a.s.c.c.EnhancedHandlerRegisterClient  : 处理器 [StepIntentFuncHandler] 注册成功
09:30:52:252  INFO 92229 --- [smartcampus] [main] c.a.s.m.h.EnhancedAutoRegisterHandler    : 处理器已注册StepIntentLLMChatResponseHandler
09:30:52:252  INFO 92229 --- [smartcampus] [main] c.a.s.c.c.EnhancedHandlerRegisterClient  : 处理器 [StepIntentLLMChatResponseHandler] 注册成功
09:30:52:253  INFO 92229 --- [smartcampus] [main] c.a.s.m.h.EnhancedAutoRegisterHandler    : 处理器已注册SteptIntentMemoryChatHandler
09:30:52:253  INFO 92229 --- [smartcampus] [main] c.a.s.c.c.EnhancedHandlerRegisterClient  : 处理器 [SteptIntentMemoryChatHandler] 注册成功
09:30:52:346  INFO 92229 --- [smartcampus] [main] org.redisson.Version                     : Redisson 3.13.6
09:30:52:389  INFO 92229 --- [smartcampus] [redisson-netty-5-18] o.r.c.pool.MasterPubSubConnectionPool    : 1 connections initialized for /127.0.0.1:6379
09:30:52:404  INFO 92229 --- [smartcampus] [redisson-netty-5-18] o.r.c.pool.MasterConnectionPool          : 24 connections initialized for /127.0.0.1:6379
09:30:52:418  INFO 92229 --- [smartcampus] [main] c.aiproject.smartcampus.config.ToolInit  : 天气搜索工具初始化成功
09:30:52:562  INFO 92229 --- [smartcampus] [main] o.s.v.b.OptionalValidatorFactoryBean     : Failed to set up a Bean Validation provider: jakarta.validation.NoProviderFoundException: Unable to create a Configuration, because no Jakarta Bean Validation provider could be found. Add a provider like Hibernate Validator (RI) to your classpath.
09:30:53:294  INFO 92229 --- [smartcampus] [main] c.a.s.s.impl.CourseServiceImplTest       : Started CourseServiceImplTest in 4.652 seconds (process running for 5.152)
09:30:53:295  INFO 92229 --- [smartcampus] [scheduling-1] c.a.s.model.store.MemoryStoreScheduler   : 缓存统计 - 大小: 0/1000, Redis状态: true, 脏数据: 0, 过期数据: 0
09:30:53:522  INFO 92229 --- [smartcampus] [main] c.a.smartcampus.aop.ParamCheckAspect     : 方法 getAllStudentHaveCourse 参数校验通过
09:30:53:650  INFO 92229 --- [smartcampus] [SpringApplicationShutdownHook] c.a.s.model.store.MemoryStoreScheduler   : 关闭MemoryStore，正在写回所有数据...
09:30:54:655  INFO 92229 --- [smartcampus] [SpringApplicationShutdownHook] c.a.s.model.store.MemoryStoreScheduler   : MemoryStore关闭完成
09:30:54:657  INFO 92229 --- [smartcampus] [SpringApplicationShutdownHook] c.a.s.s.i.CourseEnrollmentServiceImpl    : 开始关闭添加选课信息线程池
09:31:24:661 ERROR 92229 --- [smartcampus] [SpringApplicationShutdownHook] c.a.s.s.i.CourseEnrollmentServiceImpl    : 关闭添加选课信息线程失败，尝试强制关闭
09:31:24:663 ERROR 92229 --- [smartcampus] [SpringApplicationShutdownHook] c.a.s.s.i.CourseEnrollmentServiceImpl    : 强制关闭线程数量：0
09:31:24:663 ERROR 92229 --- [smartcampus] [pool-6-thread-1] c.a.s.s.i.CourseEnrollmentServiceImpl    : 添加选课信息线程被中断

java.lang.InterruptedException: null
	at java.base/java.util.concurrent.locks.AbstractQueuedSynchronizer$ConditionObject.await(AbstractQueuedSynchronizer.java:1727) ~[na:na]
	at java.base/java.util.concurrent.LinkedBlockingQueue.take(LinkedBlockingQueue.java:435) ~[na:na]
	at com.aiproject.smartcampus.service.impl.CourseEnrollmentServiceImpl.lambda$init$0(CourseEnrollmentServiceImpl.java:44) ~[classes/:na]
	at java.base/java.util.concurrent.Executors$RunnableAdapter.call(Executors.java:572) ~[na:na]
	at java.base/java.util.concurrent.FutureTask.run$$$capture(FutureTask.java:317) ~[na:na]
	at java.base/java.util.concurrent.FutureTask.run(FutureTask.java) ~[na:na]
	at java.base/java.util.concurrent.ThreadPoolExecutor.runWorker(ThreadPoolExecutor.java:1144) ~[na:na]
	at java.base/java.util.concurrent.ThreadPoolExecutor$Worker.run(ThreadPoolExecutor.java:642) ~[na:na]
	at java.base/java.lang.Thread.run(Thread.java:1575) ~[na:na]

09:31:24:668  INFO 92229 --- [smartcampus] [SpringApplicationShutdownHook] c.a.s.s.i.CourseEnrollmentServiceImpl    : 添加选课信息线程关闭成功
09:31:24:673  INFO 92229 --- [smartcampus] [SpringApplicationShutdownHook] c.a.s.commons.easyuse.TaskExecutor       : 关闭TaskExecutor线程池
09:31:24:674  INFO 92229 --- [smartcampus] [SpringApplicationShutdownHook] c.a.s.c.d.IntentDelayedQueueClien        : 开始关闭延时队列客户端
09:31:24:674  INFO 92229 --- [smartcampus] [SpringApplicationShutdownHook] c.a.s.c.d.IntentDelayedQueueClien        : 线程池正常关闭
09:31:24:674  INFO 92229 --- [smartcampus] [SpringApplicationShutdownHook] c.a.s.c.d.IntentDelayedQueueClien        : 延时队列客户端已关闭，剩余队列任务：0，清理处理中任务：0
09:32:30:038  INFO 92475 --- [smartcampus] [main] c.a.s.s.impl.CourseServiceImplTest       : Starting CourseServiceImplTest using Java 23.0.2 with PID 92475 (started by lk_hhh in /Users/lk_hhh/Documents/ss/SmartCampus)
09:32:30:039  INFO 92475 --- [smartcampus] [main] c.a.s.s.impl.CourseServiceImplTest       : No active profile set, falling back to 1 default profile: "default"
09:32:30:406  INFO 92475 --- [smartcampus] [main] .s.d.r.c.RepositoryConfigurationDelegate : Multiple Spring Data modules found, entering strict repository configuration mode
09:32:30:407  INFO 92475 --- [smartcampus] [main] .s.d.r.c.RepositoryConfigurationDelegate : Bootstrapping Spring Data Redis repositories in DEFAULT mode.
09:32:30:422  INFO 92475 --- [smartcampus] [main] .s.d.r.c.RepositoryConfigurationDelegate : Finished Spring Data repository scanning in 9 ms. Found 0 Redis repository interfaces.
09:32:30:711  INFO 92475 --- [smartcampus] [main] c.a.s.commons.client.ResultCilent        : 任务结果客户端初始化成功
09:32:30:713  INFO 92475 --- [smartcampus] [DelayedQueue-Consumer] c.a.s.c.d.IntentDelayedQueueClien        : 延时队列处理线程启动
09:32:31:010  WARN 92475 --- [smartcampus] [main] i.n.r.d.DnsServerAddressStreamProviders  : Can not find io.netty.resolver.dns.macos.MacOSDnsServerAddressStreamProvider in the classpath, fallback to system defaults. This may result in incorrect DNS resolutions on MacOS. Check whether you have a dependency on 'io.netty:netty-resolver-dns-native-macos'
09:32:33:650  INFO 92475 --- [smartcampus] [main] c.a.s.m.h.EnhancedAutoRegisterHandler    : 处理器已注册SeptIntentRagHandler
09:32:33:651  INFO 92475 --- [smartcampus] [main] c.a.s.c.c.EnhancedHandlerRegisterClient  : 处理器 [SeptIntentRagHandler] 注册成功
09:32:33:652  INFO 92475 --- [smartcampus] [main] c.a.s.m.h.EnhancedAutoRegisterHandler    : 处理器已注册StepIntentFuncHandler
09:32:33:652  INFO 92475 --- [smartcampus] [main] c.a.s.c.c.EnhancedHandlerRegisterClient  : 处理器 [StepIntentFuncHandler] 注册成功
09:32:33:653  INFO 92475 --- [smartcampus] [main] c.a.s.m.h.EnhancedAutoRegisterHandler    : 处理器已注册StepIntentLLMChatResponseHandler
09:32:33:653  INFO 92475 --- [smartcampus] [main] c.a.s.c.c.EnhancedHandlerRegisterClient  : 处理器 [StepIntentLLMChatResponseHandler] 注册成功
09:32:33:653  INFO 92475 --- [smartcampus] [main] c.a.s.m.h.EnhancedAutoRegisterHandler    : 处理器已注册SteptIntentMemoryChatHandler
09:32:33:653  INFO 92475 --- [smartcampus] [main] c.a.s.c.c.EnhancedHandlerRegisterClient  : 处理器 [SteptIntentMemoryChatHandler] 注册成功
09:32:33:756  INFO 92475 --- [smartcampus] [main] org.redisson.Version                     : Redisson 3.13.6
09:32:33:810  INFO 92475 --- [smartcampus] [redisson-netty-5-23] o.r.c.pool.MasterPubSubConnectionPool    : 1 connections initialized for /127.0.0.1:6379
09:32:33:814  INFO 92475 --- [smartcampus] [redisson-netty-5-17] o.r.c.pool.MasterConnectionPool          : 24 connections initialized for /127.0.0.1:6379
09:32:33:828  INFO 92475 --- [smartcampus] [main] c.aiproject.smartcampus.config.ToolInit  : 天气搜索工具初始化成功
09:32:33:954  INFO 92475 --- [smartcampus] [main] o.s.v.b.OptionalValidatorFactoryBean     : Failed to set up a Bean Validation provider: jakarta.validation.NoProviderFoundException: Unable to create a Configuration, because no Jakarta Bean Validation provider could be found. Add a provider like Hibernate Validator (RI) to your classpath.
09:32:34:630  INFO 92475 --- [smartcampus] [main] c.a.s.s.impl.CourseServiceImplTest       : Started CourseServiceImplTest in 4.711 seconds (process running for 5.174)
09:32:34:638  INFO 92475 --- [smartcampus] [scheduling-1] c.a.s.model.store.MemoryStoreScheduler   : 缓存统计 - 大小: 0/1000, Redis状态: true, 脏数据: 0, 过期数据: 0
09:32:34:850  INFO 92475 --- [smartcampus] [main] c.a.smartcampus.aop.ParamCheckAspect     : 方法 getAllStudentHaveCourse 参数校验通过
09:32:34:857  INFO 92475 --- [smartcampus] [main] com.zaxxer.hikari.HikariDataSource       : HikariPool-1 - Starting...
09:32:34:909  INFO 92475 --- [smartcampus] [main] com.zaxxer.hikari.pool.HikariPool        : HikariPool-1 - Added connection com.mysql.cj.jdbc.ConnectionImpl@6382bc3f
09:32:34:909  INFO 92475 --- [smartcampus] [main] com.zaxxer.hikari.HikariDataSource       : HikariPool-1 - Start completed.
09:32:34:940  INFO 92475 --- [smartcampus] [main] c.a.s.service.impl.CourseServiceImpl     : 获取课程Java程序设计描述本课程系统介绍Java编程语言的基础语法、面向对象编程思想、异常处理、集合框架、多线程编程等核心概念。通过理论学习与实践编程相结合，培养学生使用Java进行软件开发的能力。
09:32:34:941  INFO 92475 --- [smartcampus] [main] c.a.s.service.impl.CourseServiceImpl     : 获取课程数据库原理描述本课程介绍数据库系统的基本概念、关系数据模型、SQL语言、数据库设计理论、事务处理、并发控制等核心内容。培养学生设计和管理数据库系统的实践能力。
09:32:34:941  INFO 92475 --- [smartcampus] [main] c.a.s.service.impl.CourseServiceImpl     : 获取课程数据结构与算法描述本课程讲授线性表、栈、队列、树、图等基本数据结构，以及排序、查找、动态规划、贪心算法等经典算法。培养学生分析问题、设计高效算法和优化程序性能的能力。
09:32:34:941  INFO 92475 --- [smartcampus] [main] c.a.s.s.impl.CourseServiceImplTest       : [课程信息{课程ID=null, 课程名称='Java程序设计', 授课教师='null', 课程描述='本课程系统介绍Java编程语言的基础语法、面向对象编程思想、...'}, 课程信息{课程ID=null, 课程名称='数据库原理', 授课教师='null', 课程描述='本课程介绍数据库系统的基本概念、关系数据模型、SQL语言、数...'}, 课程信息{课程ID=null, 课程名称='数据结构与算法', 授课教师='null', 课程描述='本课程讲授线性表、栈、队列、树、图等基本数据结构，以及排序、...'}]
09:32:35:062  INFO 92475 --- [smartcampus] [SpringApplicationShutdownHook] c.a.s.model.store.MemoryStoreScheduler   : 关闭MemoryStore，正在写回所有数据...
09:32:36:068  INFO 92475 --- [smartcampus] [SpringApplicationShutdownHook] c.a.s.model.store.MemoryStoreScheduler   : MemoryStore关闭完成
09:32:36:070  INFO 92475 --- [smartcampus] [SpringApplicationShutdownHook] c.a.s.s.i.CourseEnrollmentServiceImpl    : 开始关闭添加选课信息线程池
09:33:04:584  INFO 89862 --- [smartcampus] [scheduling-1] c.a.s.model.store.MemoryStoreScheduler   : 缓存统计 - 大小: 0/1000, Redis状态: true, 脏数据: 0, 过期数据: 0
09:33:06:071 ERROR 92475 --- [smartcampus] [SpringApplicationShutdownHook] c.a.s.s.i.CourseEnrollmentServiceImpl    : 关闭添加选课信息线程失败，尝试强制关闭
09:33:06:073 ERROR 92475 --- [smartcampus] [SpringApplicationShutdownHook] c.a.s.s.i.CourseEnrollmentServiceImpl    : 强制关闭线程数量：0
09:33:06:072 ERROR 92475 --- [smartcampus] [pool-6-thread-1] c.a.s.s.i.CourseEnrollmentServiceImpl    : 添加选课信息线程被中断

java.lang.InterruptedException: null
	at java.base/java.util.concurrent.locks.AbstractQueuedSynchronizer$ConditionObject.await(AbstractQueuedSynchronizer.java:1727) ~[na:na]
	at java.base/java.util.concurrent.LinkedBlockingQueue.take(LinkedBlockingQueue.java:435) ~[na:na]
	at com.aiproject.smartcampus.service.impl.CourseEnrollmentServiceImpl.lambda$init$0(CourseEnrollmentServiceImpl.java:44) ~[classes/:na]
	at java.base/java.util.concurrent.Executors$RunnableAdapter.call(Executors.java:572) ~[na:na]
	at java.base/java.util.concurrent.FutureTask.run$$$capture(FutureTask.java:317) ~[na:na]
	at java.base/java.util.concurrent.FutureTask.run(FutureTask.java) ~[na:na]
	at java.base/java.util.concurrent.ThreadPoolExecutor.runWorker(ThreadPoolExecutor.java:1144) ~[na:na]
	at java.base/java.util.concurrent.ThreadPoolExecutor$Worker.run(ThreadPoolExecutor.java:642) ~[na:na]
	at java.base/java.lang.Thread.run(Thread.java:1575) ~[na:na]

09:33:06:078  INFO 92475 --- [smartcampus] [SpringApplicationShutdownHook] c.a.s.s.i.CourseEnrollmentServiceImpl    : 添加选课信息线程关闭成功
09:33:06:084  INFO 92475 --- [smartcampus] [SpringApplicationShutdownHook] com.zaxxer.hikari.HikariDataSource       : HikariPool-1 - Shutdown initiated...
09:33:06:090  INFO 92475 --- [smartcampus] [SpringApplicationShutdownHook] com.zaxxer.hikari.HikariDataSource       : HikariPool-1 - Shutdown completed.
09:33:06:091  INFO 92475 --- [smartcampus] [SpringApplicationShutdownHook] c.a.s.commons.easyuse.TaskExecutor       : 关闭TaskExecutor线程池
09:33:06:091  INFO 92475 --- [smartcampus] [SpringApplicationShutdownHook] c.a.s.c.d.IntentDelayedQueueClien        : 开始关闭延时队列客户端
09:33:06:091  INFO 92475 --- [smartcampus] [SpringApplicationShutdownHook] c.a.s.c.d.IntentDelayedQueueClien        : 线程池正常关闭
09:33:06:092  INFO 92475 --- [smartcampus] [SpringApplicationShutdownHook] c.a.s.c.d.IntentDelayedQueueClien        : 延时队列客户端已关闭，剩余队列任务：0，清理处理中任务：0
09:34:45:271  INFO 92638 --- [smartcampus] [main] c.a.smartcampus.mapper.CourseMapperTest  : Starting CourseMapperTest using Java 23.0.2 with PID 92638 (started by lk_hhh in /Users/lk_hhh/Documents/ss/SmartCampus)
09:34:45:271  INFO 92638 --- [smartcampus] [main] c.a.smartcampus.mapper.CourseMapperTest  : No active profile set, falling back to 1 default profile: "default"
09:34:45:647  INFO 92638 --- [smartcampus] [main] .s.d.r.c.RepositoryConfigurationDelegate : Multiple Spring Data modules found, entering strict repository configuration mode
09:34:45:648  INFO 92638 --- [smartcampus] [main] .s.d.r.c.RepositoryConfigurationDelegate : Bootstrapping Spring Data Redis repositories in DEFAULT mode.
09:34:45:664  INFO 92638 --- [smartcampus] [main] .s.d.r.c.RepositoryConfigurationDelegate : Finished Spring Data repository scanning in 10 ms. Found 0 Redis repository interfaces.
09:34:45:967  INFO 92638 --- [smartcampus] [main] c.a.s.commons.client.ResultCilent        : 任务结果客户端初始化成功
09:34:45:969  INFO 92638 --- [smartcampus] [DelayedQueue-Consumer] c.a.s.c.d.IntentDelayedQueueClien        : 延时队列处理线程启动
09:34:46:283  WARN 92638 --- [smartcampus] [main] i.n.r.d.DnsServerAddressStreamProviders  : Can not find io.netty.resolver.dns.macos.MacOSDnsServerAddressStreamProvider in the classpath, fallback to system defaults. This may result in incorrect DNS resolutions on MacOS. Check whether you have a dependency on 'io.netty:netty-resolver-dns-native-macos'
09:34:48:720  INFO 92638 --- [smartcampus] [main] c.a.s.m.h.EnhancedAutoRegisterHandler    : 处理器已注册SeptIntentRagHandler
09:34:48:721  INFO 92638 --- [smartcampus] [main] c.a.s.c.c.EnhancedHandlerRegisterClient  : 处理器 [SeptIntentRagHandler] 注册成功
09:34:48:722  INFO 92638 --- [smartcampus] [main] c.a.s.m.h.EnhancedAutoRegisterHandler    : 处理器已注册StepIntentFuncHandler
09:34:48:722  INFO 92638 --- [smartcampus] [main] c.a.s.c.c.EnhancedHandlerRegisterClient  : 处理器 [StepIntentFuncHandler] 注册成功
09:34:48:722  INFO 92638 --- [smartcampus] [main] c.a.s.m.h.EnhancedAutoRegisterHandler    : 处理器已注册StepIntentLLMChatResponseHandler
09:34:48:722  INFO 92638 --- [smartcampus] [main] c.a.s.c.c.EnhancedHandlerRegisterClient  : 处理器 [StepIntentLLMChatResponseHandler] 注册成功
09:34:48:723  INFO 92638 --- [smartcampus] [main] c.a.s.m.h.EnhancedAutoRegisterHandler    : 处理器已注册SteptIntentMemoryChatHandler
09:34:48:723  INFO 92638 --- [smartcampus] [main] c.a.s.c.c.EnhancedHandlerRegisterClient  : 处理器 [SteptIntentMemoryChatHandler] 注册成功
09:34:48:821  INFO 92638 --- [smartcampus] [main] org.redisson.Version                     : Redisson 3.13.6
09:34:48:880  INFO 92638 --- [smartcampus] [redisson-netty-5-13] o.r.c.pool.MasterPubSubConnectionPool    : 1 connections initialized for /127.0.0.1:6379
09:34:48:884  INFO 92638 --- [smartcampus] [redisson-netty-5-18] o.r.c.pool.MasterConnectionPool          : 24 connections initialized for /127.0.0.1:6379
09:34:48:897  INFO 92638 --- [smartcampus] [main] c.aiproject.smartcampus.config.ToolInit  : 天气搜索工具初始化成功
09:34:49:020  INFO 92638 --- [smartcampus] [main] o.s.v.b.OptionalValidatorFactoryBean     : Failed to set up a Bean Validation provider: jakarta.validation.NoProviderFoundException: Unable to create a Configuration, because no Jakarta Bean Validation provider could be found. Add a provider like Hibernate Validator (RI) to your classpath.
09:34:49:787  INFO 92638 --- [smartcampus] [main] c.a.smartcampus.mapper.CourseMapperTest  : Started CourseMapperTest in 4.64 seconds (process running for 5.096)
09:34:49:788  INFO 92638 --- [smartcampus] [scheduling-1] c.a.s.model.store.MemoryStoreScheduler   : 缓存统计 - 大小: 0/1000, Redis状态: true, 脏数据: 0, 过期数据: 0
09:34:50:029  INFO 92638 --- [smartcampus] [main] com.zaxxer.hikari.HikariDataSource       : HikariPool-1 - Starting...
09:34:50:081  INFO 92638 --- [smartcampus] [main] com.zaxxer.hikari.pool.HikariPool        : HikariPool-1 - Added connection com.mysql.cj.jdbc.ConnectionImpl@5d81b90a
09:34:50:081  INFO 92638 --- [smartcampus] [main] com.zaxxer.hikari.HikariDataSource       : HikariPool-1 - Start completed.
09:34:50:233  INFO 92638 --- [smartcampus] [SpringApplicationShutdownHook] c.a.s.model.store.MemoryStoreScheduler   : 关闭MemoryStore，正在写回所有数据...
09:34:51:239  INFO 92638 --- [smartcampus] [SpringApplicationShutdownHook] c.a.s.model.store.MemoryStoreScheduler   : MemoryStore关闭完成
09:34:51:240  INFO 92638 --- [smartcampus] [SpringApplicationShutdownHook] c.a.s.s.i.CourseEnrollmentServiceImpl    : 开始关闭添加选课信息线程池
09:35:21:245 ERROR 92638 --- [smartcampus] [SpringApplicationShutdownHook] c.a.s.s.i.CourseEnrollmentServiceImpl    : 关闭添加选课信息线程失败，尝试强制关闭
09:35:21:248 ERROR 92638 --- [smartcampus] [SpringApplicationShutdownHook] c.a.s.s.i.CourseEnrollmentServiceImpl    : 强制关闭线程数量：0
09:35:21:247 ERROR 92638 --- [smartcampus] [pool-6-thread-1] c.a.s.s.i.CourseEnrollmentServiceImpl    : 添加选课信息线程被中断

java.lang.InterruptedException: null
	at java.base/java.util.concurrent.locks.AbstractQueuedSynchronizer$ConditionObject.await(AbstractQueuedSynchronizer.java:1727) ~[na:na]
	at java.base/java.util.concurrent.LinkedBlockingQueue.take(LinkedBlockingQueue.java:435) ~[na:na]
	at com.aiproject.smartcampus.service.impl.CourseEnrollmentServiceImpl.lambda$init$0(CourseEnrollmentServiceImpl.java:44) ~[classes/:na]
	at java.base/java.util.concurrent.Executors$RunnableAdapter.call(Executors.java:572) ~[na:na]
	at java.base/java.util.concurrent.FutureTask.run$$$capture(FutureTask.java:317) ~[na:na]
	at java.base/java.util.concurrent.FutureTask.run(FutureTask.java) ~[na:na]
	at java.base/java.util.concurrent.ThreadPoolExecutor.runWorker(ThreadPoolExecutor.java:1144) ~[na:na]
	at java.base/java.util.concurrent.ThreadPoolExecutor$Worker.run(ThreadPoolExecutor.java:642) ~[na:na]
	at java.base/java.lang.Thread.run(Thread.java:1575) ~[na:na]

09:35:21:253  INFO 92638 --- [smartcampus] [SpringApplicationShutdownHook] c.a.s.s.i.CourseEnrollmentServiceImpl    : 添加选课信息线程关闭成功
09:35:21:258  INFO 92638 --- [smartcampus] [SpringApplicationShutdownHook] com.zaxxer.hikari.HikariDataSource       : HikariPool-1 - Shutdown initiated...
09:35:21:266  INFO 92638 --- [smartcampus] [SpringApplicationShutdownHook] com.zaxxer.hikari.HikariDataSource       : HikariPool-1 - Shutdown completed.
09:35:21:266  INFO 92638 --- [smartcampus] [SpringApplicationShutdownHook] c.a.s.commons.easyuse.TaskExecutor       : 关闭TaskExecutor线程池
09:35:21:266  INFO 92638 --- [smartcampus] [SpringApplicationShutdownHook] c.a.s.c.d.IntentDelayedQueueClien        : 开始关闭延时队列客户端
09:35:21:267  INFO 92638 --- [smartcampus] [SpringApplicationShutdownHook] c.a.s.c.d.IntentDelayedQueueClien        : 线程池正常关闭
09:35:21:267  INFO 92638 --- [smartcampus] [SpringApplicationShutdownHook] c.a.s.c.d.IntentDelayedQueueClien        : 延时队列客户端已关闭，剩余队列任务：0，清理处理中任务：0
09:37:46:670  INFO 92845 --- [smartcampus] [main] c.a.smartcampus.mapper.CourseMapperTest  : Starting CourseMapperTest using Java 23.0.2 with PID 92845 (started by lk_hhh in /Users/lk_hhh/Documents/ss/SmartCampus)
09:37:46:671  INFO 92845 --- [smartcampus] [main] c.a.smartcampus.mapper.CourseMapperTest  : No active profile set, falling back to 1 default profile: "default"
09:37:47:049  INFO 92845 --- [smartcampus] [main] .s.d.r.c.RepositoryConfigurationDelegate : Multiple Spring Data modules found, entering strict repository configuration mode
09:37:47:050  INFO 92845 --- [smartcampus] [main] .s.d.r.c.RepositoryConfigurationDelegate : Bootstrapping Spring Data Redis repositories in DEFAULT mode.
09:37:47:065  INFO 92845 --- [smartcampus] [main] .s.d.r.c.RepositoryConfigurationDelegate : Finished Spring Data repository scanning in 9 ms. Found 0 Redis repository interfaces.
09:37:47:358  INFO 92845 --- [smartcampus] [main] c.a.s.commons.client.ResultCilent        : 任务结果客户端初始化成功
09:37:47:360  INFO 92845 --- [smartcampus] [DelayedQueue-Consumer] c.a.s.c.d.IntentDelayedQueueClien        : 延时队列处理线程启动
09:37:47:659  WARN 92845 --- [smartcampus] [main] i.n.r.d.DnsServerAddressStreamProviders  : Can not find io.netty.resolver.dns.macos.MacOSDnsServerAddressStreamProvider in the classpath, fallback to system defaults. This may result in incorrect DNS resolutions on MacOS. Check whether you have a dependency on 'io.netty:netty-resolver-dns-native-macos'
09:37:50:188  INFO 92845 --- [smartcampus] [main] c.a.s.m.h.EnhancedAutoRegisterHandler    : 处理器已注册SeptIntentRagHandler
09:37:50:188  INFO 92845 --- [smartcampus] [main] c.a.s.c.c.EnhancedHandlerRegisterClient  : 处理器 [SeptIntentRagHandler] 注册成功
09:37:50:190  INFO 92845 --- [smartcampus] [main] c.a.s.m.h.EnhancedAutoRegisterHandler    : 处理器已注册StepIntentFuncHandler
09:37:50:190  INFO 92845 --- [smartcampus] [main] c.a.s.c.c.EnhancedHandlerRegisterClient  : 处理器 [StepIntentFuncHandler] 注册成功
09:37:50:190  INFO 92845 --- [smartcampus] [main] c.a.s.m.h.EnhancedAutoRegisterHandler    : 处理器已注册StepIntentLLMChatResponseHandler
09:37:50:190  INFO 92845 --- [smartcampus] [main] c.a.s.c.c.EnhancedHandlerRegisterClient  : 处理器 [StepIntentLLMChatResponseHandler] 注册成功
09:37:50:191  INFO 92845 --- [smartcampus] [main] c.a.s.m.h.EnhancedAutoRegisterHandler    : 处理器已注册SteptIntentMemoryChatHandler
09:37:50:191  INFO 92845 --- [smartcampus] [main] c.a.s.c.c.EnhancedHandlerRegisterClient  : 处理器 [SteptIntentMemoryChatHandler] 注册成功
09:37:50:302  INFO 92845 --- [smartcampus] [main] org.redisson.Version                     : Redisson 3.13.6
09:37:50:345  INFO 92845 --- [smartcampus] [redisson-netty-5-13] o.r.c.pool.MasterPubSubConnectionPool    : 1 connections initialized for /127.0.0.1:6379
09:37:50:351  INFO 92845 --- [smartcampus] [redisson-netty-5-16] o.r.c.pool.MasterConnectionPool          : 24 connections initialized for /127.0.0.1:6379
09:37:50:364  INFO 92845 --- [smartcampus] [main] c.aiproject.smartcampus.config.ToolInit  : 天气搜索工具初始化成功
09:37:50:497  INFO 92845 --- [smartcampus] [main] o.s.v.b.OptionalValidatorFactoryBean     : Failed to set up a Bean Validation provider: jakarta.validation.NoProviderFoundException: Unable to create a Configuration, because no Jakarta Bean Validation provider could be found. Add a provider like Hibernate Validator (RI) to your classpath.
09:37:51:144  INFO 92845 --- [smartcampus] [main] c.a.smartcampus.mapper.CourseMapperTest  : Started CourseMapperTest in 4.596 seconds (process running for 5.058)
09:37:51:145  INFO 92845 --- [smartcampus] [scheduling-1] c.a.s.model.store.MemoryStoreScheduler   : 缓存统计 - 大小: 0/1000, Redis状态: true, 脏数据: 0, 过期数据: 0
09:37:51:408  INFO 92845 --- [smartcampus] [main] com.zaxxer.hikari.HikariDataSource       : HikariPool-1 - Starting...
09:37:51:464  INFO 92845 --- [smartcampus] [main] com.zaxxer.hikari.pool.HikariPool        : HikariPool-1 - Added connection com.mysql.cj.jdbc.ConnectionImpl@7740028a
09:37:51:464  INFO 92845 --- [smartcampus] [main] com.zaxxer.hikari.HikariDataSource       : HikariPool-1 - Start completed.
09:37:51:623  INFO 92845 --- [smartcampus] [SpringApplicationShutdownHook] c.a.s.model.store.MemoryStoreScheduler   : 关闭MemoryStore，正在写回所有数据...
09:37:52:628  INFO 92845 --- [smartcampus] [SpringApplicationShutdownHook] c.a.s.model.store.MemoryStoreScheduler   : MemoryStore关闭完成
09:37:52:630  INFO 92845 --- [smartcampus] [SpringApplicationShutdownHook] c.a.s.s.i.CourseEnrollmentServiceImpl    : 开始关闭添加选课信息线程池
09:38:04:578  INFO 89862 --- [smartcampus] [scheduling-1] c.a.s.model.store.MemoryStoreScheduler   : 缓存统计 - 大小: 0/1000, Redis状态: true, 脏数据: 0, 过期数据: 0
09:38:22:633 ERROR 92845 --- [smartcampus] [SpringApplicationShutdownHook] c.a.s.s.i.CourseEnrollmentServiceImpl    : 关闭添加选课信息线程失败，尝试强制关闭
09:38:22:636 ERROR 92845 --- [smartcampus] [SpringApplicationShutdownHook] c.a.s.s.i.CourseEnrollmentServiceImpl    : 强制关闭线程数量：0
09:38:22:635 ERROR 92845 --- [smartcampus] [pool-6-thread-1] c.a.s.s.i.CourseEnrollmentServiceImpl    : 添加选课信息线程被中断

java.lang.InterruptedException: null
	at java.base/java.util.concurrent.locks.AbstractQueuedSynchronizer$ConditionObject.await(AbstractQueuedSynchronizer.java:1727) ~[na:na]
	at java.base/java.util.concurrent.LinkedBlockingQueue.take(LinkedBlockingQueue.java:435) ~[na:na]
	at com.aiproject.smartcampus.service.impl.CourseEnrollmentServiceImpl.lambda$init$0(CourseEnrollmentServiceImpl.java:44) ~[classes/:na]
	at java.base/java.util.concurrent.Executors$RunnableAdapter.call(Executors.java:572) ~[na:na]
	at java.base/java.util.concurrent.FutureTask.run$$$capture(FutureTask.java:317) ~[na:na]
	at java.base/java.util.concurrent.FutureTask.run(FutureTask.java) ~[na:na]
	at java.base/java.util.concurrent.ThreadPoolExecutor.runWorker(ThreadPoolExecutor.java:1144) ~[na:na]
	at java.base/java.util.concurrent.ThreadPoolExecutor$Worker.run(ThreadPoolExecutor.java:642) ~[na:na]
	at java.base/java.lang.Thread.run(Thread.java:1575) ~[na:na]

09:38:22:640  INFO 92845 --- [smartcampus] [SpringApplicationShutdownHook] c.a.s.s.i.CourseEnrollmentServiceImpl    : 添加选课信息线程关闭成功
09:38:22:646  INFO 92845 --- [smartcampus] [SpringApplicationShutdownHook] com.zaxxer.hikari.HikariDataSource       : HikariPool-1 - Shutdown initiated...
09:38:22:652  INFO 92845 --- [smartcampus] [SpringApplicationShutdownHook] com.zaxxer.hikari.HikariDataSource       : HikariPool-1 - Shutdown completed.
09:38:22:653  INFO 92845 --- [smartcampus] [SpringApplicationShutdownHook] c.a.s.commons.easyuse.TaskExecutor       : 关闭TaskExecutor线程池
09:38:22:653  INFO 92845 --- [smartcampus] [SpringApplicationShutdownHook] c.a.s.c.d.IntentDelayedQueueClien        : 开始关闭延时队列客户端
09:38:22:654  INFO 92845 --- [smartcampus] [SpringApplicationShutdownHook] c.a.s.c.d.IntentDelayedQueueClien        : 线程池正常关闭
09:38:22:654  INFO 92845 --- [smartcampus] [SpringApplicationShutdownHook] c.a.s.c.d.IntentDelayedQueueClien        : 延时队列客户端已关闭，剩余队列任务：0，清理处理中任务：0
09:43:04:580  INFO 89862 --- [smartcampus] [scheduling-1] c.a.s.model.store.MemoryStoreScheduler   : 缓存统计 - 大小: 0/1000, Redis状态: true, 脏数据: 0, 过期数据: 0
09:46:40:308  WARN 89862 --- [smartcampus] [HikariPool-1 housekeeper] com.zaxxer.hikari.pool.HikariPool        : HikariPool-1 - Thread starvation or clock leap detected (housekeeper delta=1m13s403ms).
09:48:47:950  INFO 89862 --- [smartcampus] [scheduling-1] c.a.s.model.store.MemoryStoreScheduler   : 缓存统计 - 大小: 0/1000, Redis状态: true, 脏数据: 0, 过期数据: 0
09:53:47:948  INFO 89862 --- [smartcampus] [scheduling-1] c.a.s.model.store.MemoryStoreScheduler   : 缓存统计 - 大小: 0/1000, Redis状态: true, 脏数据: 0, 过期数据: 0
09:57:50:694  INFO 89862 --- [smartcampus] [SpringApplicationShutdownHook] o.s.b.w.e.tomcat.GracefulShutdown        : Commencing graceful shutdown. Waiting for active requests to complete
09:57:50:697  INFO 89862 --- [smartcampus] [tomcat-shutdown] o.s.b.w.e.tomcat.GracefulShutdown        : Graceful shutdown complete
09:57:50:817  INFO 89862 --- [smartcampus] [SpringApplicationShutdownHook] c.a.s.model.store.MemoryStoreScheduler   : 关闭MemoryStore，正在写回所有数据...
09:57:51:823  INFO 89862 --- [smartcampus] [SpringApplicationShutdownHook] c.a.s.model.store.MemoryStoreScheduler   : MemoryStore关闭完成
09:57:51:825  INFO 89862 --- [smartcampus] [SpringApplicationShutdownHook] c.a.s.s.i.CourseEnrollmentServiceImpl    : 开始关闭添加选课信息线程池
09:58:21:825 ERROR 89862 --- [smartcampus] [SpringApplicationShutdownHook] c.a.s.s.i.CourseEnrollmentServiceImpl    : 关闭添加选课信息线程失败，尝试强制关闭
09:58:21:828 ERROR 89862 --- [smartcampus] [SpringApplicationShutdownHook] c.a.s.s.i.CourseEnrollmentServiceImpl    : 强制关闭线程数量：0
09:58:21:827 ERROR 89862 --- [smartcampus] [pool-6-thread-1] c.a.s.s.i.CourseEnrollmentServiceImpl    : 添加选课信息线程被中断

java.lang.InterruptedException: null
	at java.base/java.util.concurrent.locks.AbstractQueuedSynchronizer$ConditionObject.await(AbstractQueuedSynchronizer.java:1727) ~[na:na]
	at java.base/java.util.concurrent.LinkedBlockingQueue.take(LinkedBlockingQueue.java:435) ~[na:na]
	at com.aiproject.smartcampus.service.impl.CourseEnrollmentServiceImpl.lambda$init$0(CourseEnrollmentServiceImpl.java:44) ~[classes/:na]
	at java.base/java.util.concurrent.Executors$RunnableAdapter.call(Executors.java:572) ~[na:na]
	at java.base/java.util.concurrent.FutureTask.run(FutureTask.java:317) ~[na:na]
	at java.base/java.util.concurrent.ThreadPoolExecutor.runWorker(ThreadPoolExecutor.java:1144) ~[na:na]
	at java.base/java.util.concurrent.ThreadPoolExecutor$Worker.run(ThreadPoolExecutor.java:642) ~[na:na]
	at java.base/java.lang.Thread.run(Thread.java:1575) ~[na:na]

09:58:21:836  INFO 89862 --- [smartcampus] [SpringApplicationShutdownHook] c.a.s.s.i.CourseEnrollmentServiceImpl    : 添加选课信息线程关闭成功
09:58:21:843  INFO 89862 --- [smartcampus] [SpringApplicationShutdownHook] com.zaxxer.hikari.HikariDataSource       : HikariPool-1 - Shutdown initiated...
09:58:21:845  INFO 89862 --- [smartcampus] [SpringApplicationShutdownHook] com.zaxxer.hikari.HikariDataSource       : HikariPool-1 - Shutdown completed.
09:58:21:846  INFO 89862 --- [smartcampus] [SpringApplicationShutdownHook] c.a.s.commons.easyuse.TaskExecutor       : 关闭TaskExecutor线程池
09:58:21:846  INFO 89862 --- [smartcampus] [SpringApplicationShutdownHook] c.a.s.c.d.IntentDelayedQueueClien        : 开始关闭延时队列客户端
09:58:21:846  INFO 89862 --- [smartcampus] [SpringApplicationShutdownHook] c.a.s.c.d.IntentDelayedQueueClien        : 线程池正常关闭
09:58:21:846  INFO 89862 --- [smartcampus] [SpringApplicationShutdownHook] c.a.s.c.d.IntentDelayedQueueClien        : 延时队列客户端已关闭，剩余队列任务：0，清理处理中任务：0
09:58:23:913  INFO 94071 --- [smartcampus] [main] c.a.smartcampus.SmartCampusApplication   : Starting SmartCampusApplication using Java 23.0.2 with PID 94071 (/Users/lk_hhh/Documents/ss/SmartCampus/target/classes started by lk_hhh in /Users/lk_hhh/Documents/ss/SmartCampus)
09:58:23:914  INFO 94071 --- [smartcampus] [main] c.a.smartcampus.SmartCampusApplication   : No active profile set, falling back to 1 default profile: "default"
09:58:24:256  INFO 94071 --- [smartcampus] [main] .s.d.r.c.RepositoryConfigurationDelegate : Multiple Spring Data modules found, entering strict repository configuration mode
09:58:24:257  INFO 94071 --- [smartcampus] [main] .s.d.r.c.RepositoryConfigurationDelegate : Bootstrapping Spring Data Redis repositories in DEFAULT mode.
09:58:24:271  INFO 94071 --- [smartcampus] [main] .s.d.r.c.RepositoryConfigurationDelegate : Finished Spring Data repository scanning in 7 ms. Found 0 Redis repository interfaces.
09:58:24:553  INFO 94071 --- [smartcampus] [main] o.s.b.w.embedded.tomcat.TomcatWebServer  : Tomcat initialized with port 8106 (http)
09:58:24:559  INFO 94071 --- [smartcampus] [main] o.apache.catalina.core.StandardService   : Starting service [Tomcat]
09:58:24:559  INFO 94071 --- [smartcampus] [main] o.apache.catalina.core.StandardEngine    : Starting Servlet engine: [Apache Tomcat/10.1.40]
09:58:24:579  INFO 94071 --- [smartcampus] [main] o.a.c.c.C.[Tomcat].[localhost].[/]       : Initializing Spring embedded WebApplicationContext
09:58:24:579  INFO 94071 --- [smartcampus] [main] w.s.c.ServletWebServerApplicationContext : Root WebApplicationContext: initialization completed in 647 ms
09:58:24:669  INFO 94071 --- [smartcampus] [main] c.a.s.commons.client.ResultCilent        : 任务结果客户端初始化成功
09:58:24:670  INFO 94071 --- [smartcampus] [DelayedQueue-Consumer] c.a.s.c.d.IntentDelayedQueueClien        : 延时队列处理线程启动
09:58:24:920  WARN 94071 --- [smartcampus] [main] i.n.r.d.DnsServerAddressStreamProviders  : Can not find io.netty.resolver.dns.macos.MacOSDnsServerAddressStreamProvider in the classpath, fallback to system defaults. This may result in incorrect DNS resolutions on MacOS. Check whether you have a dependency on 'io.netty:netty-resolver-dns-native-macos'
09:58:28:264  INFO 94071 --- [smartcampus] [main] c.a.s.m.h.EnhancedAutoRegisterHandler    : 处理器已注册SeptIntentRagHandler
09:58:28:265  INFO 94071 --- [smartcampus] [main] c.a.s.c.c.EnhancedHandlerRegisterClient  : 处理器 [SeptIntentRagHandler] 注册成功
09:58:28:266  INFO 94071 --- [smartcampus] [main] c.a.s.m.h.EnhancedAutoRegisterHandler    : 处理器已注册StepIntentFuncHandler
09:58:28:266  INFO 94071 --- [smartcampus] [main] c.a.s.c.c.EnhancedHandlerRegisterClient  : 处理器 [StepIntentFuncHandler] 注册成功
09:58:28:266  INFO 94071 --- [smartcampus] [main] c.a.s.m.h.EnhancedAutoRegisterHandler    : 处理器已注册StepIntentLLMChatResponseHandler
09:58:28:266  INFO 94071 --- [smartcampus] [main] c.a.s.c.c.EnhancedHandlerRegisterClient  : 处理器 [StepIntentLLMChatResponseHandler] 注册成功
09:58:28:267  INFO 94071 --- [smartcampus] [main] c.a.s.m.h.EnhancedAutoRegisterHandler    : 处理器已注册SteptIntentMemoryChatHandler
09:58:28:267  INFO 94071 --- [smartcampus] [main] c.a.s.c.c.EnhancedHandlerRegisterClient  : 处理器 [SteptIntentMemoryChatHandler] 注册成功
09:58:28:358  INFO 94071 --- [smartcampus] [main] org.redisson.Version                     : Redisson 3.13.6
09:58:28:402  INFO 94071 --- [smartcampus] [redisson-netty-5-23] o.r.c.pool.MasterPubSubConnectionPool    : 1 connections initialized for /127.0.0.1:6379
09:58:28:417  INFO 94071 --- [smartcampus] [redisson-netty-5-19] o.r.c.pool.MasterConnectionPool          : 24 connections initialized for /127.0.0.1:6379
09:58:28:432  INFO 94071 --- [smartcampus] [main] c.aiproject.smartcampus.config.ToolInit  : 天气搜索工具初始化成功
09:58:28:516  INFO 94071 --- [smartcampus] [main] o.s.v.b.OptionalValidatorFactoryBean     : Failed to set up a Bean Validation provider: jakarta.validation.NoProviderFoundException: Unable to create a Configuration, because no Jakarta Bean Validation provider could be found. Add a provider like Hibernate Validator (RI) to your classpath.
09:58:28:962  INFO 94071 --- [smartcampus] [main] o.s.b.w.embedded.tomcat.TomcatWebServer  : Tomcat started on port 8106 (http) with context path '/'
09:58:28:967  INFO 94071 --- [smartcampus] [main] c.a.smartcampus.SmartCampusApplication   : Started SmartCampusApplication in 5.206 seconds (process running for 5.455)
09:58:28:968  INFO 94071 --- [smartcampus] [main] c.a.smartcampus.SmartCampusApplication   : 程序已经启动
09:58:28:969  INFO 94071 --- [smartcampus] [scheduling-1] c.a.s.model.store.MemoryStoreScheduler   : 缓存统计 - 大小: 0/1000, Redis状态: true, 脏数据: 0, 过期数据: 0
09:59:17:643  INFO 94071 --- [smartcampus] [http-nio-127.0.0.1-8106-exec-1] o.a.c.c.C.[Tomcat].[localhost].[/]       : Initializing Spring DispatcherServlet 'dispatcherServlet'
09:59:17:644  INFO 94071 --- [smartcampus] [http-nio-127.0.0.1-8106-exec-1] o.s.web.servlet.DispatcherServlet        : Initializing Servlet 'dispatcherServlet'
09:59:17:645  INFO 94071 --- [smartcampus] [http-nio-127.0.0.1-8106-exec-1] o.s.web.servlet.DispatcherServlet        : Completed initialization in 1 ms
09:59:17:691  INFO 94071 --- [smartcampus] [http-nio-127.0.0.1-8106-exec-1] c.a.s.controller.KnowledgeController     : pointIds:[] courseId1,chapter1,decprection符合需求
09:59:17:693  INFO 94071 --- [smartcampus] [http-nio-127.0.0.1-8106-exec-1] c.a.smartcampus.aop.ParamCheckAspect     : 方法 createListTestByagent 参数校验通过
09:59:17:706  INFO 94071 --- [smartcampus] [http-nio-127.0.0.1-8106-exec-1] com.zaxxer.hikari.HikariDataSource       : HikariPool-1 - Starting...
09:59:17:758  INFO 94071 --- [smartcampus] [http-nio-127.0.0.1-8106-exec-1] com.zaxxer.hikari.pool.HikariPool        : HikariPool-1 - Added connection com.mysql.cj.jdbc.ConnectionImpl@5f13fd00
09:59:17:758  INFO 94071 --- [smartcampus] [http-nio-127.0.0.1-8106-exec-1] com.zaxxer.hikari.HikariDataSource       : HikariPool-1 - Start completed.
09:59:17:828 ERROR 94071 --- [smartcampus] [http-nio-127.0.0.1-8106-exec-1] o.a.c.c.C.[.[.[/].[dispatcherServlet]    : Servlet.service() for servlet [dispatcherServlet] in context with path [] threw exception [Request processing failed: org.springframework.jdbc.BadSqlGrammarException: 
### Error querying database.  Cause: java.sql.SQLSyntaxErrorException: You have an error in your SQL syntax; check the manual that corresponds to your MySQL server version for the right syntax to use near 'ORDER BY accuracyRate ASC' at line 32
### The error may exist in file [/Users/lk_hhh/Documents/ss/SmartCampus/target/classes/mapper/KnowledgePointMapper.xml]
### The error may involve defaultParameterMap
### The error occurred while setting parameters
### SQL: SELECT         -- 基础信息         kp.point_id as pointId,         kp.point_name as pointName,         kp.description,         kp.difficulty_level as difficultyLevel,         kp.keywords,          -- 答题统计         COALESCE(answer_stats.total_answered, 0) as totalAnswered,         COALESCE(answer_stats.correct_count, 0) as correctCount,         COALESCE(answer_stats.wrong_count, 0) as wrongCount,         COALESCE(answer_stats.accuracy_rate, 0.0) as accuracyRate          FROM knowledge_points kp         LEFT JOIN (         SELECT         qb.point_id,         COUNT(*) as total_answered,         SUM(CASE WHEN sa.is_correct = 1 THEN 1 ELSE 0 END) as correct_count,         SUM(CASE WHEN sa.is_correct = 0 THEN 1 ELSE 0 END) as wrong_count,         ROUND(AVG(CASE WHEN sa.is_correct = 1 THEN 1 ELSE 0 END) * 100, 2) as accuracy_rate         FROM student_answers sa         INNER JOIN question_bank qb ON sa.question_id = qb.question_id         WHERE sa.student_id = ?         GROUP BY qb.point_id         ) answer_stats ON kp.point_id = answer_stats.point_id          WHERE kp.point_id IN                    ORDER BY accuracyRate ASC
### Cause: java.sql.SQLSyntaxErrorException: You have an error in your SQL syntax; check the manual that corresponds to your MySQL server version for the right syntax to use near 'ORDER BY accuracyRate ASC' at line 32
; bad SQL grammar []] with root cause

java.sql.SQLSyntaxErrorException: You have an error in your SQL syntax; check the manual that corresponds to your MySQL server version for the right syntax to use near 'ORDER BY accuracyRate ASC' at line 32
	at com.mysql.cj.jdbc.exceptions.SQLError.createSQLException(SQLError.java:121) ~[mysql-connector-j-8.0.33.jar:8.0.33]
	at com.mysql.cj.jdbc.exceptions.SQLExceptionsMapping.translateException(SQLExceptionsMapping.java:122) ~[mysql-connector-j-8.0.33.jar:8.0.33]
	at com.mysql.cj.jdbc.ClientPreparedStatement.executeInternal(ClientPreparedStatement.java:916) ~[mysql-connector-j-8.0.33.jar:8.0.33]
	at com.mysql.cj.jdbc.ClientPreparedStatement.execute(ClientPreparedStatement.java:354) ~[mysql-connector-j-8.0.33.jar:8.0.33]
	at com.zaxxer.hikari.pool.ProxyPreparedStatement.execute(ProxyPreparedStatement.java:44) ~[HikariCP-5.1.0.jar:na]
	at com.zaxxer.hikari.pool.HikariProxyPreparedStatement.execute(HikariProxyPreparedStatement.java) ~[HikariCP-5.1.0.jar:na]
	at java.base/jdk.internal.reflect.DirectMethodHandleAccessor.invoke(DirectMethodHandleAccessor.java:103) ~[na:na]
	at java.base/java.lang.reflect.Method.invoke(Method.java:580) ~[na:na]
	at org.apache.ibatis.logging.jdbc.PreparedStatementLogger.invoke(PreparedStatementLogger.java:58) ~[mybatis-3.5.16.jar:3.5.16]
	at jdk.proxy3/jdk.proxy3.$Proxy186.execute(Unknown Source) ~[na:na]
	at org.apache.ibatis.executor.statement.PreparedStatementHandler.query(PreparedStatementHandler.java:65) ~[mybatis-3.5.16.jar:3.5.16]
	at org.apache.ibatis.executor.statement.RoutingStatementHandler.query(RoutingStatementHandler.java:80) ~[mybatis-3.5.16.jar:3.5.16]
	at org.apache.ibatis.executor.SimpleExecutor.doQuery(SimpleExecutor.java:65) ~[mybatis-3.5.16.jar:3.5.16]
	at org.apache.ibatis.executor.BaseExecutor.queryFromDatabase(BaseExecutor.java:336) ~[mybatis-3.5.16.jar:3.5.16]
	at org.apache.ibatis.executor.BaseExecutor.query(BaseExecutor.java:158) ~[mybatis-3.5.16.jar:3.5.16]
	at org.apache.ibatis.executor.CachingExecutor.query(CachingExecutor.java:110) ~[mybatis-3.5.16.jar:3.5.16]
	at org.apache.ibatis.executor.CachingExecutor.query(CachingExecutor.java:90) ~[mybatis-3.5.16.jar:3.5.16]
	at org.apache.ibatis.session.defaults.DefaultSqlSession.selectList(DefaultSqlSession.java:154) ~[mybatis-3.5.16.jar:3.5.16]
	at org.apache.ibatis.session.defaults.DefaultSqlSession.selectList(DefaultSqlSession.java:147) ~[mybatis-3.5.16.jar:3.5.16]
	at org.apache.ibatis.session.defaults.DefaultSqlSession.selectList(DefaultSqlSession.java:142) ~[mybatis-3.5.16.jar:3.5.16]
	at java.base/jdk.internal.reflect.DirectMethodHandleAccessor.invoke(DirectMethodHandleAccessor.java:103) ~[na:na]
	at java.base/java.lang.reflect.Method.invoke(Method.java:580) ~[na:na]
	at org.mybatis.spring.SqlSessionTemplate$SqlSessionInterceptor.invoke(SqlSessionTemplate.java:425) ~[mybatis-spring-3.0.3.jar:3.0.3]
	at jdk.proxy2/jdk.proxy2.$Proxy98.selectList(Unknown Source) ~[na:na]
	at org.mybatis.spring.SqlSessionTemplate.selectList(SqlSessionTemplate.java:224) ~[mybatis-spring-3.0.3.jar:3.0.3]
	at com.baomidou.mybatisplus.core.override.MybatisMapperMethod.executeForMany(MybatisMapperMethod.java:164) ~[mybatis-plus-core-3.5.8.jar:3.5.8]
	at com.baomidou.mybatisplus.core.override.MybatisMapperMethod.execute(MybatisMapperMethod.java:77) ~[mybatis-plus-core-3.5.8.jar:3.5.8]
	at com.baomidou.mybatisplus.core.override.MybatisMapperProxy$PlainMethodInvoker.invoke(MybatisMapperProxy.java:152) ~[mybatis-plus-core-3.5.8.jar:3.5.8]
	at com.baomidou.mybatisplus.core.override.MybatisMapperProxy.invoke(MybatisMapperProxy.java:89) ~[mybatis-plus-core-3.5.8.jar:3.5.8]
	at jdk.proxy2/jdk.proxy2.$Proxy123.getSimpleKnowledgeAnalysis(Unknown Source) ~[na:na]
	at java.base/jdk.internal.reflect.DirectMethodHandleAccessor.invoke(DirectMethodHandleAccessor.java:103) ~[na:na]
	at java.base/java.lang.reflect.Method.invoke(Method.java:580) ~[na:na]
	at org.springframework.aop.support.AopUtils.invokeJoinpointUsingReflection(AopUtils.java:359) ~[spring-aop-6.2.6.jar:6.2.6]
	at org.springframework.aop.framework.ReflectiveMethodInvocation.invokeJoinpoint(ReflectiveMethodInvocation.java:196) ~[spring-aop-6.2.6.jar:6.2.6]
	at org.springframework.aop.framework.ReflectiveMethodInvocation.proceed(ReflectiveMethodInvocation.java:163) ~[spring-aop-6.2.6.jar:6.2.6]
	at org.springframework.dao.support.PersistenceExceptionTranslationInterceptor.invoke(PersistenceExceptionTranslationInterceptor.java:138) ~[spring-tx-6.2.6.jar:6.2.6]
	at org.springframework.aop.framework.ReflectiveMethodInvocation.proceed(ReflectiveMethodInvocation.java:184) ~[spring-aop-6.2.6.jar:6.2.6]
	at org.springframework.aop.framework.JdkDynamicAopProxy.invoke(JdkDynamicAopProxy.java:223) ~[spring-aop-6.2.6.jar:6.2.6]
	at jdk.proxy2/jdk.proxy2.$Proxy124.getSimpleKnowledgeAnalysis(Unknown Source) ~[na:na]
	at com.aiproject.smartcampus.service.impl.KnoledgeServiceImpl.createListTestByagent(KnoledgeServiceImpl.java:139) ~[classes/:na]
	at java.base/jdk.internal.reflect.DirectMethodHandleAccessor.invoke(DirectMethodHandleAccessor.java:103) ~[na:na]
	at java.base/java.lang.reflect.Method.invoke(Method.java:580) ~[na:na]
	at org.springframework.aop.support.AopUtils.invokeJoinpointUsingReflection(AopUtils.java:359) ~[spring-aop-6.2.6.jar:6.2.6]
	at org.springframework.aop.framework.ReflectiveMethodInvocation.invokeJoinpoint(ReflectiveMethodInvocation.java:196) ~[spring-aop-6.2.6.jar:6.2.6]
	at org.springframework.aop.framework.ReflectiveMethodInvocation.proceed(ReflectiveMethodInvocation.java:163) ~[spring-aop-6.2.6.jar:6.2.6]
	at org.springframework.aop.framework.adapter.MethodBeforeAdviceInterceptor.invoke(MethodBeforeAdviceInterceptor.java:58) ~[spring-aop-6.2.6.jar:6.2.6]
	at org.springframework.aop.framework.ReflectiveMethodInvocation.proceed(ReflectiveMethodInvocation.java:184) ~[spring-aop-6.2.6.jar:6.2.6]
	at org.springframework.aop.interceptor.ExposeInvocationInterceptor.invoke(ExposeInvocationInterceptor.java:97) ~[spring-aop-6.2.6.jar:6.2.6]
	at org.springframework.aop.framework.ReflectiveMethodInvocation.proceed(ReflectiveMethodInvocation.java:184) ~[spring-aop-6.2.6.jar:6.2.6]
	at org.springframework.aop.framework.CglibAopProxy$DynamicAdvisedInterceptor.intercept(CglibAopProxy.java:728) ~[spring-aop-6.2.6.jar:6.2.6]
	at com.aiproject.smartcampus.service.impl.KnoledgeServiceImpl$$SpringCGLIB$$0.createListTestByagent(<generated>) ~[classes/:na]
	at com.aiproject.smartcampus.controller.KnowledgeController.createListTestByAgent(KnowledgeController.java:55) ~[classes/:na]
	at java.base/jdk.internal.reflect.DirectMethodHandleAccessor.invoke(DirectMethodHandleAccessor.java:103) ~[na:na]
	at java.base/java.lang.reflect.Method.invoke(Method.java:580) ~[na:na]
	at org.springframework.web.method.support.InvocableHandlerMethod.doInvoke(InvocableHandlerMethod.java:258) ~[spring-web-6.2.6.jar:6.2.6]
	at org.springframework.web.method.support.InvocableHandlerMethod.invokeForRequest(InvocableHandlerMethod.java:191) ~[spring-web-6.2.6.jar:6.2.6]
	at org.springframework.web.servlet.mvc.method.annotation.ServletInvocableHandlerMethod.invokeAndHandle(ServletInvocableHandlerMethod.java:118) ~[spring-webmvc-6.2.6.jar:6.2.6]
	at org.springframework.web.servlet.mvc.method.annotation.RequestMappingHandlerAdapter.invokeHandlerMethod(RequestMappingHandlerAdapter.java:986) ~[spring-webmvc-6.2.6.jar:6.2.6]
	at org.springframework.web.servlet.mvc.method.annotation.RequestMappingHandlerAdapter.handleInternal(RequestMappingHandlerAdapter.java:891) ~[spring-webmvc-6.2.6.jar:6.2.6]
	at org.springframework.web.servlet.mvc.method.AbstractHandlerMethodAdapter.handle(AbstractHandlerMethodAdapter.java:87) ~[spring-webmvc-6.2.6.jar:6.2.6]
	at org.springframework.web.servlet.DispatcherServlet.doDispatch(DispatcherServlet.java:1089) ~[spring-webmvc-6.2.6.jar:6.2.6]
	at org.springframework.web.servlet.DispatcherServlet.doService(DispatcherServlet.java:979) ~[spring-webmvc-6.2.6.jar:6.2.6]
	at org.springframework.web.servlet.FrameworkServlet.processRequest(FrameworkServlet.java:1014) ~[spring-webmvc-6.2.6.jar:6.2.6]
	at org.springframework.web.servlet.FrameworkServlet.doPost(FrameworkServlet.java:914) ~[spring-webmvc-6.2.6.jar:6.2.6]
	at jakarta.servlet.http.HttpServlet.service(HttpServlet.java:590) ~[tomcat-embed-core-10.1.40.jar:6.0]
	at org.springframework.web.servlet.FrameworkServlet.service(FrameworkServlet.java:885) ~[spring-webmvc-6.2.6.jar:6.2.6]
	at jakarta.servlet.http.HttpServlet.service(HttpServlet.java:658) ~[tomcat-embed-core-10.1.40.jar:6.0]
	at org.apache.catalina.core.ApplicationFilterChain.internalDoFilter(ApplicationFilterChain.java:195) ~[tomcat-embed-core-10.1.40.jar:10.1.40]
	at org.apache.catalina.core.ApplicationFilterChain.doFilter(ApplicationFilterChain.java:140) ~[tomcat-embed-core-10.1.40.jar:10.1.40]
	at org.apache.tomcat.websocket.server.WsFilter.doFilter(WsFilter.java:51) ~[tomcat-embed-websocket-10.1.40.jar:10.1.40]
	at org.apache.catalina.core.ApplicationFilterChain.internalDoFilter(ApplicationFilterChain.java:164) ~[tomcat-embed-core-10.1.40.jar:10.1.40]
	at org.apache.catalina.core.ApplicationFilterChain.doFilter(ApplicationFilterChain.java:140) ~[tomcat-embed-core-10.1.40.jar:10.1.40]
	at org.springframework.web.filter.RequestContextFilter.doFilterInternal(RequestContextFilter.java:100) ~[spring-web-6.2.6.jar:6.2.6]
	at org.springframework.web.filter.OncePerRequestFilter.doFilter(OncePerRequestFilter.java:116) ~[spring-web-6.2.6.jar:6.2.6]
	at org.apache.catalina.core.ApplicationFilterChain.internalDoFilter(ApplicationFilterChain.java:164) ~[tomcat-embed-core-10.1.40.jar:10.1.40]
	at org.apache.catalina.core.ApplicationFilterChain.doFilter(ApplicationFilterChain.java:140) ~[tomcat-embed-core-10.1.40.jar:10.1.40]
	at org.springframework.web.filter.FormContentFilter.doFilterInternal(FormContentFilter.java:93) ~[spring-web-6.2.6.jar:6.2.6]
	at org.springframework.web.filter.OncePerRequestFilter.doFilter(OncePerRequestFilter.java:116) ~[spring-web-6.2.6.jar:6.2.6]
	at org.apache.catalina.core.ApplicationFilterChain.internalDoFilter(ApplicationFilterChain.java:164) ~[tomcat-embed-core-10.1.40.jar:10.1.40]
	at org.apache.catalina.core.ApplicationFilterChain.doFilter(ApplicationFilterChain.java:140) ~[tomcat-embed-core-10.1.40.jar:10.1.40]
	at org.springframework.web.filter.CharacterEncodingFilter.doFilterInternal(CharacterEncodingFilter.java:201) ~[spring-web-6.2.6.jar:6.2.6]
	at org.springframework.web.filter.OncePerRequestFilter.doFilter(OncePerRequestFilter.java:116) ~[spring-web-6.2.6.jar:6.2.6]
	at org.apache.catalina.core.ApplicationFilterChain.internalDoFilter(ApplicationFilterChain.java:164) ~[tomcat-embed-core-10.1.40.jar:10.1.40]
	at org.apache.catalina.core.ApplicationFilterChain.doFilter(ApplicationFilterChain.java:140) ~[tomcat-embed-core-10.1.40.jar:10.1.40]
	at org.apache.catalina.core.StandardWrapperValve.invoke(StandardWrapperValve.java:167) ~[tomcat-embed-core-10.1.40.jar:10.1.40]
	at org.apache.catalina.core.StandardContextValve.invoke(StandardContextValve.java:90) ~[tomcat-embed-core-10.1.40.jar:10.1.40]
	at org.apache.catalina.authenticator.AuthenticatorBase.invoke(AuthenticatorBase.java:483) ~[tomcat-embed-core-10.1.40.jar:10.1.40]
	at org.apache.catalina.core.StandardHostValve.invoke(StandardHostValve.java:116) ~[tomcat-embed-core-10.1.40.jar:10.1.40]
	at org.apache.catalina.valves.ErrorReportValve.invoke(ErrorReportValve.java:93) ~[tomcat-embed-core-10.1.40.jar:10.1.40]
	at org.apache.catalina.core.StandardEngineValve.invoke(StandardEngineValve.java:74) ~[tomcat-embed-core-10.1.40.jar:10.1.40]
	at org.apache.catalina.connector.CoyoteAdapter.service(CoyoteAdapter.java:344) ~[tomcat-embed-core-10.1.40.jar:10.1.40]
	at org.apache.coyote.http11.Http11Processor.service(Http11Processor.java:398) ~[tomcat-embed-core-10.1.40.jar:10.1.40]
	at org.apache.coyote.AbstractProcessorLight.process(AbstractProcessorLight.java:63) ~[tomcat-embed-core-10.1.40.jar:10.1.40]
	at org.apache.coyote.AbstractProtocol$ConnectionHandler.process(AbstractProtocol.java:903) ~[tomcat-embed-core-10.1.40.jar:10.1.40]
	at org.apache.tomcat.util.net.NioEndpoint$SocketProcessor.doRun(NioEndpoint.java:1740) ~[tomcat-embed-core-10.1.40.jar:10.1.40]
	at org.apache.tomcat.util.net.SocketProcessorBase.run(SocketProcessorBase.java:52) ~[tomcat-embed-core-10.1.40.jar:10.1.40]
	at org.apache.tomcat.util.threads.ThreadPoolExecutor.runWorker(ThreadPoolExecutor.java:1189) ~[tomcat-embed-core-10.1.40.jar:10.1.40]
	at org.apache.tomcat.util.threads.ThreadPoolExecutor$Worker.run(ThreadPoolExecutor.java:658) ~[tomcat-embed-core-10.1.40.jar:10.1.40]
	at org.apache.tomcat.util.threads.TaskThread$WrappingRunnable.run(TaskThread.java:63) ~[tomcat-embed-core-10.1.40.jar:10.1.40]
	at java.base/java.lang.Thread.run(Thread.java:1575) ~[na:na]

10:00:04:229  INFO 94071 --- [smartcampus] [http-nio-127.0.0.1-8106-exec-2] c.a.s.controller.KnowledgeController     : pointIds:[] courseId1,chapter1,decprection符合需求
10:00:04:231  INFO 94071 --- [smartcampus] [http-nio-127.0.0.1-8106-exec-2] c.a.smartcampus.aop.ParamCheckAspect     : 方法 createListTestByagent 参数校验通过
10:00:04:235 ERROR 94071 --- [smartcampus] [http-nio-127.0.0.1-8106-exec-2] o.a.c.c.C.[.[.[/].[dispatcherServlet]    : Servlet.service() for servlet [dispatcherServlet] in context with path [] threw exception [Request processing failed: org.springframework.jdbc.BadSqlGrammarException: 
### Error querying database.  Cause: java.sql.SQLSyntaxErrorException: You have an error in your SQL syntax; check the manual that corresponds to your MySQL server version for the right syntax to use near 'ORDER BY accuracyRate ASC' at line 32
### The error may exist in file [/Users/lk_hhh/Documents/ss/SmartCampus/target/classes/mapper/KnowledgePointMapper.xml]
### The error may involve defaultParameterMap
### The error occurred while setting parameters
### SQL: SELECT         -- 基础信息         kp.point_id as pointId,         kp.point_name as pointName,         kp.description,         kp.difficulty_level as difficultyLevel,         kp.keywords,          -- 答题统计         COALESCE(answer_stats.total_answered, 0) as totalAnswered,         COALESCE(answer_stats.correct_count, 0) as correctCount,         COALESCE(answer_stats.wrong_count, 0) as wrongCount,         COALESCE(answer_stats.accuracy_rate, 0.0) as accuracyRate          FROM knowledge_points kp         LEFT JOIN (         SELECT         qb.point_id,         COUNT(*) as total_answered,         SUM(CASE WHEN sa.is_correct = 1 THEN 1 ELSE 0 END) as correct_count,         SUM(CASE WHEN sa.is_correct = 0 THEN 1 ELSE 0 END) as wrong_count,         ROUND(AVG(CASE WHEN sa.is_correct = 1 THEN 1 ELSE 0 END) * 100, 2) as accuracy_rate         FROM student_answers sa         INNER JOIN question_bank qb ON sa.question_id = qb.question_id         WHERE sa.student_id = ?         GROUP BY qb.point_id         ) answer_stats ON kp.point_id = answer_stats.point_id          WHERE kp.point_id IN                    ORDER BY accuracyRate ASC
### Cause: java.sql.SQLSyntaxErrorException: You have an error in your SQL syntax; check the manual that corresponds to your MySQL server version for the right syntax to use near 'ORDER BY accuracyRate ASC' at line 32
; bad SQL grammar []] with root cause

java.sql.SQLSyntaxErrorException: You have an error in your SQL syntax; check the manual that corresponds to your MySQL server version for the right syntax to use near 'ORDER BY accuracyRate ASC' at line 32
	at com.mysql.cj.jdbc.exceptions.SQLError.createSQLException(SQLError.java:121) ~[mysql-connector-j-8.0.33.jar:8.0.33]
	at com.mysql.cj.jdbc.exceptions.SQLExceptionsMapping.translateException(SQLExceptionsMapping.java:122) ~[mysql-connector-j-8.0.33.jar:8.0.33]
	at com.mysql.cj.jdbc.ClientPreparedStatement.executeInternal(ClientPreparedStatement.java:916) ~[mysql-connector-j-8.0.33.jar:8.0.33]
	at com.mysql.cj.jdbc.ClientPreparedStatement.execute(ClientPreparedStatement.java:354) ~[mysql-connector-j-8.0.33.jar:8.0.33]
	at com.zaxxer.hikari.pool.ProxyPreparedStatement.execute(ProxyPreparedStatement.java:44) ~[HikariCP-5.1.0.jar:na]
	at com.zaxxer.hikari.pool.HikariProxyPreparedStatement.execute(HikariProxyPreparedStatement.java) ~[HikariCP-5.1.0.jar:na]
	at java.base/jdk.internal.reflect.DirectMethodHandleAccessor.invoke(DirectMethodHandleAccessor.java:103) ~[na:na]
	at java.base/java.lang.reflect.Method.invoke(Method.java:580) ~[na:na]
	at org.apache.ibatis.logging.jdbc.PreparedStatementLogger.invoke(PreparedStatementLogger.java:58) ~[mybatis-3.5.16.jar:3.5.16]
	at jdk.proxy3/jdk.proxy3.$Proxy186.execute(Unknown Source) ~[na:na]
	at org.apache.ibatis.executor.statement.PreparedStatementHandler.query(PreparedStatementHandler.java:65) ~[mybatis-3.5.16.jar:3.5.16]
	at org.apache.ibatis.executor.statement.RoutingStatementHandler.query(RoutingStatementHandler.java:80) ~[mybatis-3.5.16.jar:3.5.16]
	at org.apache.ibatis.executor.SimpleExecutor.doQuery(SimpleExecutor.java:65) ~[mybatis-3.5.16.jar:3.5.16]
	at org.apache.ibatis.executor.BaseExecutor.queryFromDatabase(BaseExecutor.java:336) ~[mybatis-3.5.16.jar:3.5.16]
	at org.apache.ibatis.executor.BaseExecutor.query(BaseExecutor.java:158) ~[mybatis-3.5.16.jar:3.5.16]
	at org.apache.ibatis.executor.CachingExecutor.query(CachingExecutor.java:110) ~[mybatis-3.5.16.jar:3.5.16]
	at org.apache.ibatis.executor.CachingExecutor.query(CachingExecutor.java:90) ~[mybatis-3.5.16.jar:3.5.16]
	at org.apache.ibatis.session.defaults.DefaultSqlSession.selectList(DefaultSqlSession.java:154) ~[mybatis-3.5.16.jar:3.5.16]
	at org.apache.ibatis.session.defaults.DefaultSqlSession.selectList(DefaultSqlSession.java:147) ~[mybatis-3.5.16.jar:3.5.16]
	at org.apache.ibatis.session.defaults.DefaultSqlSession.selectList(DefaultSqlSession.java:142) ~[mybatis-3.5.16.jar:3.5.16]
	at java.base/jdk.internal.reflect.DirectMethodHandleAccessor.invoke(DirectMethodHandleAccessor.java:103) ~[na:na]
	at java.base/java.lang.reflect.Method.invoke(Method.java:580) ~[na:na]
	at org.mybatis.spring.SqlSessionTemplate$SqlSessionInterceptor.invoke(SqlSessionTemplate.java:425) ~[mybatis-spring-3.0.3.jar:3.0.3]
	at jdk.proxy2/jdk.proxy2.$Proxy98.selectList(Unknown Source) ~[na:na]
	at org.mybatis.spring.SqlSessionTemplate.selectList(SqlSessionTemplate.java:224) ~[mybatis-spring-3.0.3.jar:3.0.3]
	at com.baomidou.mybatisplus.core.override.MybatisMapperMethod.executeForMany(MybatisMapperMethod.java:164) ~[mybatis-plus-core-3.5.8.jar:3.5.8]
	at com.baomidou.mybatisplus.core.override.MybatisMapperMethod.execute(MybatisMapperMethod.java:77) ~[mybatis-plus-core-3.5.8.jar:3.5.8]
	at com.baomidou.mybatisplus.core.override.MybatisMapperProxy$PlainMethodInvoker.invoke(MybatisMapperProxy.java:152) ~[mybatis-plus-core-3.5.8.jar:3.5.8]
	at com.baomidou.mybatisplus.core.override.MybatisMapperProxy.invoke(MybatisMapperProxy.java:89) ~[mybatis-plus-core-3.5.8.jar:3.5.8]
	at jdk.proxy2/jdk.proxy2.$Proxy123.getSimpleKnowledgeAnalysis(Unknown Source) ~[na:na]
	at java.base/jdk.internal.reflect.DirectMethodHandleAccessor.invoke(DirectMethodHandleAccessor.java:103) ~[na:na]
	at java.base/java.lang.reflect.Method.invoke(Method.java:580) ~[na:na]
	at org.springframework.aop.support.AopUtils.invokeJoinpointUsingReflection(AopUtils.java:359) ~[spring-aop-6.2.6.jar:6.2.6]
	at org.springframework.aop.framework.ReflectiveMethodInvocation.invokeJoinpoint(ReflectiveMethodInvocation.java:196) ~[spring-aop-6.2.6.jar:6.2.6]
	at org.springframework.aop.framework.ReflectiveMethodInvocation.proceed(ReflectiveMethodInvocation.java:163) ~[spring-aop-6.2.6.jar:6.2.6]
	at org.springframework.dao.support.PersistenceExceptionTranslationInterceptor.invoke(PersistenceExceptionTranslationInterceptor.java:138) ~[spring-tx-6.2.6.jar:6.2.6]
	at org.springframework.aop.framework.ReflectiveMethodInvocation.proceed(ReflectiveMethodInvocation.java:184) ~[spring-aop-6.2.6.jar:6.2.6]
	at org.springframework.aop.framework.JdkDynamicAopProxy.invoke(JdkDynamicAopProxy.java:223) ~[spring-aop-6.2.6.jar:6.2.6]
	at jdk.proxy2/jdk.proxy2.$Proxy124.getSimpleKnowledgeAnalysis(Unknown Source) ~[na:na]
	at com.aiproject.smartcampus.service.impl.KnoledgeServiceImpl.createListTestByagent(KnoledgeServiceImpl.java:139) ~[classes/:na]
	at java.base/jdk.internal.reflect.DirectMethodHandleAccessor.invoke(DirectMethodHandleAccessor.java:103) ~[na:na]
	at java.base/java.lang.reflect.Method.invoke(Method.java:580) ~[na:na]
	at org.springframework.aop.support.AopUtils.invokeJoinpointUsingReflection(AopUtils.java:359) ~[spring-aop-6.2.6.jar:6.2.6]
	at org.springframework.aop.framework.ReflectiveMethodInvocation.invokeJoinpoint(ReflectiveMethodInvocation.java:196) ~[spring-aop-6.2.6.jar:6.2.6]
	at org.springframework.aop.framework.ReflectiveMethodInvocation.proceed(ReflectiveMethodInvocation.java:163) ~[spring-aop-6.2.6.jar:6.2.6]
	at org.springframework.aop.framework.adapter.MethodBeforeAdviceInterceptor.invoke(MethodBeforeAdviceInterceptor.java:58) ~[spring-aop-6.2.6.jar:6.2.6]
	at org.springframework.aop.framework.ReflectiveMethodInvocation.proceed(ReflectiveMethodInvocation.java:184) ~[spring-aop-6.2.6.jar:6.2.6]
	at org.springframework.aop.interceptor.ExposeInvocationInterceptor.invoke(ExposeInvocationInterceptor.java:97) ~[spring-aop-6.2.6.jar:6.2.6]
	at org.springframework.aop.framework.ReflectiveMethodInvocation.proceed(ReflectiveMethodInvocation.java:184) ~[spring-aop-6.2.6.jar:6.2.6]
	at org.springframework.aop.framework.CglibAopProxy$DynamicAdvisedInterceptor.intercept(CglibAopProxy.java:728) ~[spring-aop-6.2.6.jar:6.2.6]
	at com.aiproject.smartcampus.service.impl.KnoledgeServiceImpl$$SpringCGLIB$$0.createListTestByagent(<generated>) ~[classes/:na]
	at com.aiproject.smartcampus.controller.KnowledgeController.createListTestByAgent(KnowledgeController.java:55) ~[classes/:na]
	at java.base/jdk.internal.reflect.DirectMethodHandleAccessor.invoke(DirectMethodHandleAccessor.java:103) ~[na:na]
	at java.base/java.lang.reflect.Method.invoke(Method.java:580) ~[na:na]
	at org.springframework.web.method.support.InvocableHandlerMethod.doInvoke(InvocableHandlerMethod.java:258) ~[spring-web-6.2.6.jar:6.2.6]
	at org.springframework.web.method.support.InvocableHandlerMethod.invokeForRequest(InvocableHandlerMethod.java:191) ~[spring-web-6.2.6.jar:6.2.6]
	at org.springframework.web.servlet.mvc.method.annotation.ServletInvocableHandlerMethod.invokeAndHandle(ServletInvocableHandlerMethod.java:118) ~[spring-webmvc-6.2.6.jar:6.2.6]
	at org.springframework.web.servlet.mvc.method.annotation.RequestMappingHandlerAdapter.invokeHandlerMethod(RequestMappingHandlerAdapter.java:986) ~[spring-webmvc-6.2.6.jar:6.2.6]
	at org.springframework.web.servlet.mvc.method.annotation.RequestMappingHandlerAdapter.handleInternal(RequestMappingHandlerAdapter.java:891) ~[spring-webmvc-6.2.6.jar:6.2.6]
	at org.springframework.web.servlet.mvc.method.AbstractHandlerMethodAdapter.handle(AbstractHandlerMethodAdapter.java:87) ~[spring-webmvc-6.2.6.jar:6.2.6]
	at org.springframework.web.servlet.DispatcherServlet.doDispatch(DispatcherServlet.java:1089) ~[spring-webmvc-6.2.6.jar:6.2.6]
	at org.springframework.web.servlet.DispatcherServlet.doService(DispatcherServlet.java:979) ~[spring-webmvc-6.2.6.jar:6.2.6]
	at org.springframework.web.servlet.FrameworkServlet.processRequest(FrameworkServlet.java:1014) ~[spring-webmvc-6.2.6.jar:6.2.6]
	at org.springframework.web.servlet.FrameworkServlet.doPost(FrameworkServlet.java:914) ~[spring-webmvc-6.2.6.jar:6.2.6]
	at jakarta.servlet.http.HttpServlet.service(HttpServlet.java:590) ~[tomcat-embed-core-10.1.40.jar:6.0]
	at org.springframework.web.servlet.FrameworkServlet.service(FrameworkServlet.java:885) ~[spring-webmvc-6.2.6.jar:6.2.6]
	at jakarta.servlet.http.HttpServlet.service(HttpServlet.java:658) ~[tomcat-embed-core-10.1.40.jar:6.0]
	at org.apache.catalina.core.ApplicationFilterChain.internalDoFilter(ApplicationFilterChain.java:195) ~[tomcat-embed-core-10.1.40.jar:10.1.40]
	at org.apache.catalina.core.ApplicationFilterChain.doFilter(ApplicationFilterChain.java:140) ~[tomcat-embed-core-10.1.40.jar:10.1.40]
	at org.apache.tomcat.websocket.server.WsFilter.doFilter(WsFilter.java:51) ~[tomcat-embed-websocket-10.1.40.jar:10.1.40]
	at org.apache.catalina.core.ApplicationFilterChain.internalDoFilter(ApplicationFilterChain.java:164) ~[tomcat-embed-core-10.1.40.jar:10.1.40]
	at org.apache.catalina.core.ApplicationFilterChain.doFilter(ApplicationFilterChain.java:140) ~[tomcat-embed-core-10.1.40.jar:10.1.40]
	at org.springframework.web.filter.RequestContextFilter.doFilterInternal(RequestContextFilter.java:100) ~[spring-web-6.2.6.jar:6.2.6]
	at org.springframework.web.filter.OncePerRequestFilter.doFilter(OncePerRequestFilter.java:116) ~[spring-web-6.2.6.jar:6.2.6]
	at org.apache.catalina.core.ApplicationFilterChain.internalDoFilter(ApplicationFilterChain.java:164) ~[tomcat-embed-core-10.1.40.jar:10.1.40]
	at org.apache.catalina.core.ApplicationFilterChain.doFilter(ApplicationFilterChain.java:140) ~[tomcat-embed-core-10.1.40.jar:10.1.40]
	at org.springframework.web.filter.FormContentFilter.doFilterInternal(FormContentFilter.java:93) ~[spring-web-6.2.6.jar:6.2.6]
	at org.springframework.web.filter.OncePerRequestFilter.doFilter(OncePerRequestFilter.java:116) ~[spring-web-6.2.6.jar:6.2.6]
	at org.apache.catalina.core.ApplicationFilterChain.internalDoFilter(ApplicationFilterChain.java:164) ~[tomcat-embed-core-10.1.40.jar:10.1.40]
	at org.apache.catalina.core.ApplicationFilterChain.doFilter(ApplicationFilterChain.java:140) ~[tomcat-embed-core-10.1.40.jar:10.1.40]
	at org.springframework.web.filter.CharacterEncodingFilter.doFilterInternal(CharacterEncodingFilter.java:201) ~[spring-web-6.2.6.jar:6.2.6]
	at org.springframework.web.filter.OncePerRequestFilter.doFilter(OncePerRequestFilter.java:116) ~[spring-web-6.2.6.jar:6.2.6]
	at org.apache.catalina.core.ApplicationFilterChain.internalDoFilter(ApplicationFilterChain.java:164) ~[tomcat-embed-core-10.1.40.jar:10.1.40]
	at org.apache.catalina.core.ApplicationFilterChain.doFilter(ApplicationFilterChain.java:140) ~[tomcat-embed-core-10.1.40.jar:10.1.40]
	at org.apache.catalina.core.StandardWrapperValve.invoke(StandardWrapperValve.java:167) ~[tomcat-embed-core-10.1.40.jar:10.1.40]
	at org.apache.catalina.core.StandardContextValve.invoke(StandardContextValve.java:90) ~[tomcat-embed-core-10.1.40.jar:10.1.40]
	at org.apache.catalina.authenticator.AuthenticatorBase.invoke(AuthenticatorBase.java:483) ~[tomcat-embed-core-10.1.40.jar:10.1.40]
	at org.apache.catalina.core.StandardHostValve.invoke(StandardHostValve.java:116) ~[tomcat-embed-core-10.1.40.jar:10.1.40]
	at org.apache.catalina.valves.ErrorReportValve.invoke(ErrorReportValve.java:93) ~[tomcat-embed-core-10.1.40.jar:10.1.40]
	at org.apache.catalina.core.StandardEngineValve.invoke(StandardEngineValve.java:74) ~[tomcat-embed-core-10.1.40.jar:10.1.40]
	at org.apache.catalina.connector.CoyoteAdapter.service(CoyoteAdapter.java:344) ~[tomcat-embed-core-10.1.40.jar:10.1.40]
	at org.apache.coyote.http11.Http11Processor.service(Http11Processor.java:398) ~[tomcat-embed-core-10.1.40.jar:10.1.40]
	at org.apache.coyote.AbstractProcessorLight.process(AbstractProcessorLight.java:63) ~[tomcat-embed-core-10.1.40.jar:10.1.40]
	at org.apache.coyote.AbstractProtocol$ConnectionHandler.process(AbstractProtocol.java:903) ~[tomcat-embed-core-10.1.40.jar:10.1.40]
	at org.apache.tomcat.util.net.NioEndpoint$SocketProcessor.doRun(NioEndpoint.java:1740) ~[tomcat-embed-core-10.1.40.jar:10.1.40]
	at org.apache.tomcat.util.net.SocketProcessorBase.run(SocketProcessorBase.java:52) ~[tomcat-embed-core-10.1.40.jar:10.1.40]
	at org.apache.tomcat.util.threads.ThreadPoolExecutor.runWorker(ThreadPoolExecutor.java:1189) ~[tomcat-embed-core-10.1.40.jar:10.1.40]
	at org.apache.tomcat.util.threads.ThreadPoolExecutor$Worker.run(ThreadPoolExecutor.java:658) ~[tomcat-embed-core-10.1.40.jar:10.1.40]
	at org.apache.tomcat.util.threads.TaskThread$WrappingRunnable.run(TaskThread.java:63) ~[tomcat-embed-core-10.1.40.jar:10.1.40]
	at java.base/java.lang.Thread.run(Thread.java:1575) ~[na:na]

10:03:28:962  INFO 94071 --- [smartcampus] [scheduling-1] c.a.s.model.store.MemoryStoreScheduler   : 缓存统计 - 大小: 0/1000, Redis状态: true, 脏数据: 0, 过期数据: 0
10:08:28:961  INFO 94071 --- [smartcampus] [scheduling-1] c.a.s.model.store.MemoryStoreScheduler   : 缓存统计 - 大小: 0/1000, Redis状态: true, 脏数据: 0, 过期数据: 0
10:13:28:954  INFO 94071 --- [smartcampus] [scheduling-1] c.a.s.model.store.MemoryStoreScheduler   : 缓存统计 - 大小: 0/1000, Redis状态: true, 脏数据: 0, 过期数据: 0
10:18:28:948  INFO 94071 --- [smartcampus] [scheduling-1] c.a.s.model.store.MemoryStoreScheduler   : 缓存统计 - 大小: 0/1000, Redis状态: true, 脏数据: 0, 过期数据: 0
10:23:28:968  INFO 94071 --- [smartcampus] [scheduling-1] c.a.s.model.store.MemoryStoreScheduler   : 缓存统计 - 大小: 0/1000, Redis状态: true, 脏数据: 0, 过期数据: 0
10:28:28:965  INFO 94071 --- [smartcampus] [scheduling-1] c.a.s.model.store.MemoryStoreScheduler   : 缓存统计 - 大小: 0/1000, Redis状态: true, 脏数据: 0, 过期数据: 0
10:32:40:880  INFO 95975 --- [smartcampus] [main] c.a.s.s.impl.KnoledgeServiceImplTest     : Starting KnoledgeServiceImplTest using Java 23.0.2 with PID 95975 (started by lk_hhh in /Users/lk_hhh/Documents/ss/SmartCampus)
10:32:40:880  INFO 95975 --- [smartcampus] [main] c.a.s.s.impl.KnoledgeServiceImplTest     : No active profile set, falling back to 1 default profile: "default"
10:32:41:273  INFO 95975 --- [smartcampus] [main] .s.d.r.c.RepositoryConfigurationDelegate : Multiple Spring Data modules found, entering strict repository configuration mode
10:32:41:274  INFO 95975 --- [smartcampus] [main] .s.d.r.c.RepositoryConfigurationDelegate : Bootstrapping Spring Data Redis repositories in DEFAULT mode.
10:32:41:291  INFO 95975 --- [smartcampus] [main] .s.d.r.c.RepositoryConfigurationDelegate : Finished Spring Data repository scanning in 10 ms. Found 0 Redis repository interfaces.
10:32:41:590  INFO 95975 --- [smartcampus] [main] c.a.s.commons.client.ResultCilent        : 任务结果客户端初始化成功
10:32:41:592  INFO 95975 --- [smartcampus] [DelayedQueue-Consumer] c.a.s.c.d.IntentDelayedQueueClien        : 延时队列处理线程启动
10:32:41:903  WARN 95975 --- [smartcampus] [main] i.n.r.d.DnsServerAddressStreamProviders  : Can not find io.netty.resolver.dns.macos.MacOSDnsServerAddressStreamProvider in the classpath, fallback to system defaults. This may result in incorrect DNS resolutions on MacOS. Check whether you have a dependency on 'io.netty:netty-resolver-dns-native-macos'
10:32:44:525  INFO 95975 --- [smartcampus] [main] c.a.s.m.h.EnhancedAutoRegisterHandler    : 处理器已注册SeptIntentRagHandler
10:32:44:525  INFO 95975 --- [smartcampus] [main] c.a.s.c.c.EnhancedHandlerRegisterClient  : 处理器 [SeptIntentRagHandler] 注册成功
10:32:44:526  INFO 95975 --- [smartcampus] [main] c.a.s.m.h.EnhancedAutoRegisterHandler    : 处理器已注册StepIntentFuncHandler
10:32:44:526  INFO 95975 --- [smartcampus] [main] c.a.s.c.c.EnhancedHandlerRegisterClient  : 处理器 [StepIntentFuncHandler] 注册成功
10:32:44:527  INFO 95975 --- [smartcampus] [main] c.a.s.m.h.EnhancedAutoRegisterHandler    : 处理器已注册StepIntentLLMChatResponseHandler
10:32:44:527  INFO 95975 --- [smartcampus] [main] c.a.s.c.c.EnhancedHandlerRegisterClient  : 处理器 [StepIntentLLMChatResponseHandler] 注册成功
10:32:44:528  INFO 95975 --- [smartcampus] [main] c.a.s.m.h.EnhancedAutoRegisterHandler    : 处理器已注册SteptIntentMemoryChatHandler
10:32:44:528  INFO 95975 --- [smartcampus] [main] c.a.s.c.c.EnhancedHandlerRegisterClient  : 处理器 [SteptIntentMemoryChatHandler] 注册成功
10:32:44:624  INFO 95975 --- [smartcampus] [main] org.redisson.Version                     : Redisson 3.13.6
10:32:44:677  INFO 95975 --- [smartcampus] [redisson-netty-5-15] o.r.c.pool.MasterPubSubConnectionPool    : 1 connections initialized for /127.0.0.1:6379
10:32:44:681  INFO 95975 --- [smartcampus] [redisson-netty-5-22] o.r.c.pool.MasterConnectionPool          : 24 connections initialized for /127.0.0.1:6379
10:32:44:695  INFO 95975 --- [smartcampus] [main] c.aiproject.smartcampus.config.ToolInit  : 天气搜索工具初始化成功
10:32:44:832  INFO 95975 --- [smartcampus] [main] o.s.v.b.OptionalValidatorFactoryBean     : Failed to set up a Bean Validation provider: jakarta.validation.NoProviderFoundException: Unable to create a Configuration, because no Jakarta Bean Validation provider could be found. Add a provider like Hibernate Validator (RI) to your classpath.
10:32:45:578  INFO 95975 --- [smartcampus] [main] c.a.s.s.impl.KnoledgeServiceImplTest     : Started KnoledgeServiceImplTest in 4.824 seconds (process running for 5.32)
10:32:45:579  INFO 95975 --- [smartcampus] [scheduling-1] c.a.s.model.store.MemoryStoreScheduler   : 缓存统计 - 大小: 0/1000, Redis状态: true, 脏数据: 0, 过期数据: 0
10:32:45:798  INFO 95975 --- [smartcampus] [main] c.a.smartcampus.aop.ParamCheckAspect     : 方法 getAver 参数校验通过
10:32:45:922  INFO 95975 --- [smartcampus] [SpringApplicationShutdownHook] c.a.s.model.store.MemoryStoreScheduler   : 关闭MemoryStore，正在写回所有数据...
10:32:46:926  INFO 95975 --- [smartcampus] [SpringApplicationShutdownHook] c.a.s.model.store.MemoryStoreScheduler   : MemoryStore关闭完成
10:32:46:927  INFO 95975 --- [smartcampus] [SpringApplicationShutdownHook] c.a.s.s.i.CourseEnrollmentServiceImpl    : 开始关闭添加选课信息线程池
10:33:16:932 ERROR 95975 --- [smartcampus] [SpringApplicationShutdownHook] c.a.s.s.i.CourseEnrollmentServiceImpl    : 关闭添加选课信息线程失败，尝试强制关闭
10:33:16:932 ERROR 95975 --- [smartcampus] [SpringApplicationShutdownHook] c.a.s.s.i.CourseEnrollmentServiceImpl    : 强制关闭线程数量：0
10:33:16:932 ERROR 95975 --- [smartcampus] [pool-6-thread-1] c.a.s.s.i.CourseEnrollmentServiceImpl    : 添加选课信息线程被中断

java.lang.InterruptedException: null
	at java.base/java.util.concurrent.locks.AbstractQueuedSynchronizer$ConditionObject.await(AbstractQueuedSynchronizer.java:1727) ~[na:na]
	at java.base/java.util.concurrent.LinkedBlockingQueue.take(LinkedBlockingQueue.java:435) ~[na:na]
	at com.aiproject.smartcampus.service.impl.CourseEnrollmentServiceImpl.lambda$init$0(CourseEnrollmentServiceImpl.java:44) ~[classes/:na]
	at java.base/java.util.concurrent.Executors$RunnableAdapter.call(Executors.java:572) ~[na:na]
	at java.base/java.util.concurrent.FutureTask.run$$$capture(FutureTask.java:317) ~[na:na]
	at java.base/java.util.concurrent.FutureTask.run(FutureTask.java) ~[na:na]
	at java.base/java.util.concurrent.ThreadPoolExecutor.runWorker(ThreadPoolExecutor.java:1144) ~[na:na]
	at java.base/java.util.concurrent.ThreadPoolExecutor$Worker.run(ThreadPoolExecutor.java:642) ~[na:na]
	at java.base/java.lang.Thread.run(Thread.java:1575) ~[na:na]

10:33:16:934  INFO 95975 --- [smartcampus] [SpringApplicationShutdownHook] c.a.s.s.i.CourseEnrollmentServiceImpl    : 添加选课信息线程关闭成功
10:33:16:936  INFO 95975 --- [smartcampus] [SpringApplicationShutdownHook] c.a.s.commons.easyuse.TaskExecutor       : 关闭TaskExecutor线程池
10:33:16:936  INFO 95975 --- [smartcampus] [SpringApplicationShutdownHook] c.a.s.c.d.IntentDelayedQueueClien        : 开始关闭延时队列客户端
10:33:16:936  INFO 95975 --- [smartcampus] [SpringApplicationShutdownHook] c.a.s.c.d.IntentDelayedQueueClien        : 线程池正常关闭
10:33:16:936  INFO 95975 --- [smartcampus] [SpringApplicationShutdownHook] c.a.s.c.d.IntentDelayedQueueClien        : 延时队列客户端已关闭，剩余队列任务：0，清理处理中任务：0
10:33:19:562  INFO 96027 --- [smartcampus] [main] c.a.s.s.impl.KnoledgeServiceImplTest     : Starting KnoledgeServiceImplTest using Java 23.0.2 with PID 96027 (started by lk_hhh in /Users/lk_hhh/Documents/ss/SmartCampus)
10:33:19:563  INFO 96027 --- [smartcampus] [main] c.a.s.s.impl.KnoledgeServiceImplTest     : No active profile set, falling back to 1 default profile: "default"
10:33:19:990  INFO 96027 --- [smartcampus] [main] .s.d.r.c.RepositoryConfigurationDelegate : Multiple Spring Data modules found, entering strict repository configuration mode
10:33:19:991  INFO 96027 --- [smartcampus] [main] .s.d.r.c.RepositoryConfigurationDelegate : Bootstrapping Spring Data Redis repositories in DEFAULT mode.
10:33:20:007  INFO 96027 --- [smartcampus] [main] .s.d.r.c.RepositoryConfigurationDelegate : Finished Spring Data repository scanning in 9 ms. Found 0 Redis repository interfaces.
10:33:20:335  INFO 96027 --- [smartcampus] [main] c.a.s.commons.client.ResultCilent        : 任务结果客户端初始化成功
10:33:20:338  INFO 96027 --- [smartcampus] [DelayedQueue-Consumer] c.a.s.c.d.IntentDelayedQueueClien        : 延时队列处理线程启动
10:33:20:675  WARN 96027 --- [smartcampus] [main] i.n.r.d.DnsServerAddressStreamProviders  : Can not find io.netty.resolver.dns.macos.MacOSDnsServerAddressStreamProvider in the classpath, fallback to system defaults. This may result in incorrect DNS resolutions on MacOS. Check whether you have a dependency on 'io.netty:netty-resolver-dns-native-macos'
10:33:23:562  INFO 96027 --- [smartcampus] [main] c.a.s.m.h.EnhancedAutoRegisterHandler    : 处理器已注册SeptIntentRagHandler
10:33:23:562  INFO 96027 --- [smartcampus] [main] c.a.s.c.c.EnhancedHandlerRegisterClient  : 处理器 [SeptIntentRagHandler] 注册成功
10:33:23:563  INFO 96027 --- [smartcampus] [main] c.a.s.m.h.EnhancedAutoRegisterHandler    : 处理器已注册StepIntentFuncHandler
10:33:23:563  INFO 96027 --- [smartcampus] [main] c.a.s.c.c.EnhancedHandlerRegisterClient  : 处理器 [StepIntentFuncHandler] 注册成功
10:33:23:564  INFO 96027 --- [smartcampus] [main] c.a.s.m.h.EnhancedAutoRegisterHandler    : 处理器已注册StepIntentLLMChatResponseHandler
10:33:23:564  INFO 96027 --- [smartcampus] [main] c.a.s.c.c.EnhancedHandlerRegisterClient  : 处理器 [StepIntentLLMChatResponseHandler] 注册成功
10:33:23:564  INFO 96027 --- [smartcampus] [main] c.a.s.m.h.EnhancedAutoRegisterHandler    : 处理器已注册SteptIntentMemoryChatHandler
10:33:23:564  INFO 96027 --- [smartcampus] [main] c.a.s.c.c.EnhancedHandlerRegisterClient  : 处理器 [SteptIntentMemoryChatHandler] 注册成功
10:33:23:669  INFO 96027 --- [smartcampus] [main] org.redisson.Version                     : Redisson 3.13.6
10:33:23:711  INFO 96027 --- [smartcampus] [redisson-netty-5-14] o.r.c.pool.MasterPubSubConnectionPool    : 1 connections initialized for /127.0.0.1:6379
10:33:23:715  INFO 96027 --- [smartcampus] [redisson-netty-5-21] o.r.c.pool.MasterConnectionPool          : 24 connections initialized for /127.0.0.1:6379
10:33:23:728  INFO 96027 --- [smartcampus] [main] c.aiproject.smartcampus.config.ToolInit  : 天气搜索工具初始化成功
10:33:23:850  INFO 96027 --- [smartcampus] [main] o.s.v.b.OptionalValidatorFactoryBean     : Failed to set up a Bean Validation provider: jakarta.validation.NoProviderFoundException: Unable to create a Configuration, because no Jakarta Bean Validation provider could be found. Add a provider like Hibernate Validator (RI) to your classpath.
10:33:24:541  INFO 96027 --- [smartcampus] [main] c.a.s.s.impl.KnoledgeServiceImplTest     : Started KnoledgeServiceImplTest in 5.112 seconds (process running for 5.611)
10:33:24:543  INFO 96027 --- [smartcampus] [scheduling-1] c.a.s.model.store.MemoryStoreScheduler   : 缓存统计 - 大小: 0/1000, Redis状态: true, 脏数据: 0, 过期数据: 0
10:33:24:761  INFO 96027 --- [smartcampus] [main] c.a.smartcampus.aop.ParamCheckAspect     : 方法 getAver 参数校验通过
10:33:24:767  INFO 96027 --- [smartcampus] [main] com.zaxxer.hikari.HikariDataSource       : HikariPool-1 - Starting...
10:33:24:819  INFO 96027 --- [smartcampus] [main] com.zaxxer.hikari.pool.HikariPool        : HikariPool-1 - Added connection com.mysql.cj.jdbc.ConnectionImpl@930b6f9
10:33:24:819  INFO 96027 --- [smartcampus] [main] com.zaxxer.hikari.HikariDataSource       : HikariPool-1 - Start completed.
10:33:24:972  INFO 96027 --- [smartcampus] [SpringApplicationShutdownHook] c.a.s.model.store.MemoryStoreScheduler   : 关闭MemoryStore，正在写回所有数据...
10:33:25:977  INFO 96027 --- [smartcampus] [SpringApplicationShutdownHook] c.a.s.model.store.MemoryStoreScheduler   : MemoryStore关闭完成
10:33:25:978  INFO 96027 --- [smartcampus] [SpringApplicationShutdownHook] c.a.s.s.i.CourseEnrollmentServiceImpl    : 开始关闭添加选课信息线程池
10:33:28:960  INFO 94071 --- [smartcampus] [scheduling-1] c.a.s.model.store.MemoryStoreScheduler   : 缓存统计 - 大小: 0/1000, Redis状态: true, 脏数据: 0, 过期数据: 0
10:33:46:650  INFO 94071 --- [smartcampus] [SpringApplicationShutdownHook] o.s.b.w.e.tomcat.GracefulShutdown        : Commencing graceful shutdown. Waiting for active requests to complete
10:33:46:651  INFO 94071 --- [smartcampus] [tomcat-shutdown] o.s.b.w.e.tomcat.GracefulShutdown        : Graceful shutdown complete
10:33:46:772  INFO 94071 --- [smartcampus] [SpringApplicationShutdownHook] c.a.s.model.store.MemoryStoreScheduler   : 关闭MemoryStore，正在写回所有数据...
10:33:47:778  INFO 94071 --- [smartcampus] [SpringApplicationShutdownHook] c.a.s.model.store.MemoryStoreScheduler   : MemoryStore关闭完成
10:33:47:779  INFO 94071 --- [smartcampus] [SpringApplicationShutdownHook] c.a.s.s.i.CourseEnrollmentServiceImpl    : 开始关闭添加选课信息线程池
10:34:52:258  INFO 96124 --- [smartcampus] [main] c.a.s.s.impl.KnoledgeServiceImplTest     : Starting KnoledgeServiceImplTest using Java 23.0.2 with PID 96124 (started by lk_hhh in /Users/lk_hhh/Documents/ss/SmartCampus)
10:34:52:258  INFO 96124 --- [smartcampus] [main] c.a.s.s.impl.KnoledgeServiceImplTest     : No active profile set, falling back to 1 default profile: "default"
10:34:52:662  INFO 96124 --- [smartcampus] [main] .s.d.r.c.RepositoryConfigurationDelegate : Multiple Spring Data modules found, entering strict repository configuration mode
10:34:52:663  INFO 96124 --- [smartcampus] [main] .s.d.r.c.RepositoryConfigurationDelegate : Bootstrapping Spring Data Redis repositories in DEFAULT mode.
10:34:52:678  INFO 96124 --- [smartcampus] [main] .s.d.r.c.RepositoryConfigurationDelegate : Finished Spring Data repository scanning in 9 ms. Found 0 Redis repository interfaces.
10:34:53:022  INFO 96124 --- [smartcampus] [main] c.a.s.commons.client.ResultCilent        : 任务结果客户端初始化成功
10:34:53:024  INFO 96124 --- [smartcampus] [DelayedQueue-Consumer] c.a.s.c.d.IntentDelayedQueueClien        : 延时队列处理线程启动
10:34:53:398  WARN 96124 --- [smartcampus] [main] i.n.r.d.DnsServerAddressStreamProviders  : Can not find io.netty.resolver.dns.macos.MacOSDnsServerAddressStreamProvider in the classpath, fallback to system defaults. This may result in incorrect DNS resolutions on MacOS. Check whether you have a dependency on 'io.netty:netty-resolver-dns-native-macos'
10:34:55:834  INFO 96124 --- [smartcampus] [main] c.a.s.m.h.EnhancedAutoRegisterHandler    : 处理器已注册SeptIntentRagHandler
10:34:55:835  INFO 96124 --- [smartcampus] [main] c.a.s.c.c.EnhancedHandlerRegisterClient  : 处理器 [SeptIntentRagHandler] 注册成功
10:34:55:836  INFO 96124 --- [smartcampus] [main] c.a.s.m.h.EnhancedAutoRegisterHandler    : 处理器已注册StepIntentFuncHandler
10:34:55:836  INFO 96124 --- [smartcampus] [main] c.a.s.c.c.EnhancedHandlerRegisterClient  : 处理器 [StepIntentFuncHandler] 注册成功
10:34:55:836  INFO 96124 --- [smartcampus] [main] c.a.s.m.h.EnhancedAutoRegisterHandler    : 处理器已注册StepIntentLLMChatResponseHandler
10:34:55:836  INFO 96124 --- [smartcampus] [main] c.a.s.c.c.EnhancedHandlerRegisterClient  : 处理器 [StepIntentLLMChatResponseHandler] 注册成功
10:34:55:837  INFO 96124 --- [smartcampus] [main] c.a.s.m.h.EnhancedAutoRegisterHandler    : 处理器已注册SteptIntentMemoryChatHandler
10:34:55:837  INFO 96124 --- [smartcampus] [main] c.a.s.c.c.EnhancedHandlerRegisterClient  : 处理器 [SteptIntentMemoryChatHandler] 注册成功
10:34:55:937  INFO 96124 --- [smartcampus] [main] org.redisson.Version                     : Redisson 3.13.6
10:34:55:978  INFO 96124 --- [smartcampus] [redisson-netty-5-13] o.r.c.pool.MasterPubSubConnectionPool    : 1 connections initialized for /127.0.0.1:6379
10:34:55:982  INFO 96124 --- [smartcampus] [redisson-netty-5-15] o.r.c.pool.MasterConnectionPool          : 24 connections initialized for /127.0.0.1:6379
10:34:55:994  INFO 96124 --- [smartcampus] [main] c.aiproject.smartcampus.config.ToolInit  : 天气搜索工具初始化成功
10:34:56:115  INFO 96124 --- [smartcampus] [main] o.s.v.b.OptionalValidatorFactoryBean     : Failed to set up a Bean Validation provider: jakarta.validation.NoProviderFoundException: Unable to create a Configuration, because no Jakarta Bean Validation provider could be found. Add a provider like Hibernate Validator (RI) to your classpath.
10:34:56:840  INFO 96124 --- [smartcampus] [main] c.a.s.s.impl.KnoledgeServiceImplTest     : Started KnoledgeServiceImplTest in 4.709 seconds (process running for 5.197)
10:34:56:842  INFO 96124 --- [smartcampus] [scheduling-1] c.a.s.model.store.MemoryStoreScheduler   : 缓存统计 - 大小: 0/1000, Redis状态: true, 脏数据: 0, 过期数据: 0
10:34:57:049  INFO 96124 --- [smartcampus] [main] c.a.smartcampus.aop.ParamCheckAspect     : 方法 getAver 参数校验通过
10:34:57:054  INFO 96124 --- [smartcampus] [main] com.zaxxer.hikari.HikariDataSource       : HikariPool-1 - Starting...
10:34:57:107  INFO 96124 --- [smartcampus] [main] com.zaxxer.hikari.pool.HikariPool        : HikariPool-1 - Added connection com.mysql.cj.jdbc.ConnectionImpl@ab40f46
10:34:57:108  INFO 96124 --- [smartcampus] [main] com.zaxxer.hikari.HikariDataSource       : HikariPool-1 - Start completed.
10:34:57:260  INFO 96124 --- [smartcampus] [SpringApplicationShutdownHook] c.a.s.model.store.MemoryStoreScheduler   : 关闭MemoryStore，正在写回所有数据...
10:34:58:265  INFO 96124 --- [smartcampus] [SpringApplicationShutdownHook] c.a.s.model.store.MemoryStoreScheduler   : MemoryStore关闭完成
10:34:58:267  INFO 96124 --- [smartcampus] [SpringApplicationShutdownHook] c.a.s.s.i.CourseEnrollmentServiceImpl    : 开始关闭添加选课信息线程池
10:35:28:269 ERROR 96124 --- [smartcampus] [SpringApplicationShutdownHook] c.a.s.s.i.CourseEnrollmentServiceImpl    : 关闭添加选课信息线程失败，尝试强制关闭
10:35:28:271 ERROR 96124 --- [smartcampus] [SpringApplicationShutdownHook] c.a.s.s.i.CourseEnrollmentServiceImpl    : 强制关闭线程数量：0
10:35:28:270 ERROR 96124 --- [smartcampus] [pool-6-thread-1] c.a.s.s.i.CourseEnrollmentServiceImpl    : 添加选课信息线程被中断

java.lang.InterruptedException: null
	at java.base/java.util.concurrent.locks.AbstractQueuedSynchronizer$ConditionObject.await(AbstractQueuedSynchronizer.java:1727) ~[na:na]
	at java.base/java.util.concurrent.LinkedBlockingQueue.take(LinkedBlockingQueue.java:435) ~[na:na]
	at com.aiproject.smartcampus.service.impl.CourseEnrollmentServiceImpl.lambda$init$0(CourseEnrollmentServiceImpl.java:44) ~[classes/:na]
	at java.base/java.util.concurrent.Executors$RunnableAdapter.call(Executors.java:572) ~[na:na]
	at java.base/java.util.concurrent.FutureTask.run$$$capture(FutureTask.java:317) ~[na:na]
	at java.base/java.util.concurrent.FutureTask.run(FutureTask.java) ~[na:na]
	at java.base/java.util.concurrent.ThreadPoolExecutor.runWorker(ThreadPoolExecutor.java:1144) ~[na:na]
	at java.base/java.util.concurrent.ThreadPoolExecutor$Worker.run(ThreadPoolExecutor.java:642) ~[na:na]
	at java.base/java.lang.Thread.run(Thread.java:1575) ~[na:na]

10:35:28:274  INFO 96124 --- [smartcampus] [SpringApplicationShutdownHook] c.a.s.s.i.CourseEnrollmentServiceImpl    : 添加选课信息线程关闭成功
10:35:28:278  INFO 96124 --- [smartcampus] [SpringApplicationShutdownHook] com.zaxxer.hikari.HikariDataSource       : HikariPool-1 - Shutdown initiated...
10:35:28:286  INFO 96124 --- [smartcampus] [SpringApplicationShutdownHook] com.zaxxer.hikari.HikariDataSource       : HikariPool-1 - Shutdown completed.
10:35:28:287  INFO 96124 --- [smartcampus] [SpringApplicationShutdownHook] c.a.s.commons.easyuse.TaskExecutor       : 关闭TaskExecutor线程池
10:35:28:288  INFO 96124 --- [smartcampus] [SpringApplicationShutdownHook] c.a.s.c.d.IntentDelayedQueueClien        : 开始关闭延时队列客户端
10:35:28:288  INFO 96124 --- [smartcampus] [SpringApplicationShutdownHook] c.a.s.c.d.IntentDelayedQueueClien        : 线程池正常关闭
10:35:28:288  INFO 96124 --- [smartcampus] [SpringApplicationShutdownHook] c.a.s.c.d.IntentDelayedQueueClien        : 延时队列客户端已关闭，剩余队列任务：0，清理处理中任务：0
10:35:30:786  INFO 96163 --- [smartcampus] [main] c.a.s.s.impl.KnoledgeServiceImplTest     : Starting KnoledgeServiceImplTest using Java 23.0.2 with PID 96163 (started by lk_hhh in /Users/lk_hhh/Documents/ss/SmartCampus)
10:35:30:787  INFO 96163 --- [smartcampus] [main] c.a.s.s.impl.KnoledgeServiceImplTest     : No active profile set, falling back to 1 default profile: "default"
10:35:31:197  INFO 96163 --- [smartcampus] [main] .s.d.r.c.RepositoryConfigurationDelegate : Multiple Spring Data modules found, entering strict repository configuration mode
10:35:31:198  INFO 96163 --- [smartcampus] [main] .s.d.r.c.RepositoryConfigurationDelegate : Bootstrapping Spring Data Redis repositories in DEFAULT mode.
10:35:31:214  INFO 96163 --- [smartcampus] [main] .s.d.r.c.RepositoryConfigurationDelegate : Finished Spring Data repository scanning in 10 ms. Found 0 Redis repository interfaces.
10:35:31:554  INFO 96163 --- [smartcampus] [main] c.a.s.commons.client.ResultCilent        : 任务结果客户端初始化成功
10:35:31:557  INFO 96163 --- [smartcampus] [DelayedQueue-Consumer] c.a.s.c.d.IntentDelayedQueueClien        : 延时队列处理线程启动
10:35:31:894  WARN 96163 --- [smartcampus] [main] i.n.r.d.DnsServerAddressStreamProviders  : Can not find io.netty.resolver.dns.macos.MacOSDnsServerAddressStreamProvider in the classpath, fallback to system defaults. This may result in incorrect DNS resolutions on MacOS. Check whether you have a dependency on 'io.netty:netty-resolver-dns-native-macos'
10:35:35:343  INFO 96163 --- [smartcampus] [main] c.a.s.m.h.EnhancedAutoRegisterHandler    : 处理器已注册SeptIntentRagHandler
10:35:35:343  INFO 96163 --- [smartcampus] [main] c.a.s.c.c.EnhancedHandlerRegisterClient  : 处理器 [SeptIntentRagHandler] 注册成功
10:35:35:344  INFO 96163 --- [smartcampus] [main] c.a.s.m.h.EnhancedAutoRegisterHandler    : 处理器已注册StepIntentFuncHandler
10:35:35:344  INFO 96163 --- [smartcampus] [main] c.a.s.c.c.EnhancedHandlerRegisterClient  : 处理器 [StepIntentFuncHandler] 注册成功
10:35:35:344  INFO 96163 --- [smartcampus] [main] c.a.s.m.h.EnhancedAutoRegisterHandler    : 处理器已注册StepIntentLLMChatResponseHandler
10:35:35:344  INFO 96163 --- [smartcampus] [main] c.a.s.c.c.EnhancedHandlerRegisterClient  : 处理器 [StepIntentLLMChatResponseHandler] 注册成功
10:35:35:345  INFO 96163 --- [smartcampus] [main] c.a.s.m.h.EnhancedAutoRegisterHandler    : 处理器已注册SteptIntentMemoryChatHandler
10:35:35:345  INFO 96163 --- [smartcampus] [main] c.a.s.c.c.EnhancedHandlerRegisterClient  : 处理器 [SteptIntentMemoryChatHandler] 注册成功
10:35:35:434  INFO 96163 --- [smartcampus] [main] org.redisson.Version                     : Redisson 3.13.6
10:35:35:476  INFO 96163 --- [smartcampus] [redisson-netty-5-13] o.r.c.pool.MasterPubSubConnectionPool    : 1 connections initialized for /127.0.0.1:6379
10:35:35:480  INFO 96163 --- [smartcampus] [redisson-netty-5-21] o.r.c.pool.MasterConnectionPool          : 24 connections initialized for /127.0.0.1:6379
10:35:35:493  INFO 96163 --- [smartcampus] [main] c.aiproject.smartcampus.config.ToolInit  : 天气搜索工具初始化成功
10:35:35:611  INFO 96163 --- [smartcampus] [main] o.s.v.b.OptionalValidatorFactoryBean     : Failed to set up a Bean Validation provider: jakarta.validation.NoProviderFoundException: Unable to create a Configuration, because no Jakarta Bean Validation provider could be found. Add a provider like Hibernate Validator (RI) to your classpath.
10:35:36:345  INFO 96163 --- [smartcampus] [main] c.a.s.s.impl.KnoledgeServiceImplTest     : Started KnoledgeServiceImplTest in 5.685 seconds (process running for 6.164)
10:35:36:347  INFO 96163 --- [smartcampus] [scheduling-1] c.a.s.model.store.MemoryStoreScheduler   : 缓存统计 - 大小: 0/1000, Redis状态: true, 脏数据: 0, 过期数据: 0
10:35:36:554  INFO 96163 --- [smartcampus] [main] c.a.smartcampus.aop.ParamCheckAspect     : 方法 getAver 参数校验通过
10:35:36:561  INFO 96163 --- [smartcampus] [main] com.zaxxer.hikari.HikariDataSource       : HikariPool-1 - Starting...
10:35:36:608  INFO 96163 --- [smartcampus] [main] com.zaxxer.hikari.pool.HikariPool        : HikariPool-1 - Added connection com.mysql.cj.jdbc.ConnectionImpl@6a7eef27
10:35:36:609  INFO 96163 --- [smartcampus] [main] com.zaxxer.hikari.HikariDataSource       : HikariPool-1 - Start completed.
10:35:36:761  INFO 96163 --- [smartcampus] [SpringApplicationShutdownHook] c.a.s.model.store.MemoryStoreScheduler   : 关闭MemoryStore，正在写回所有数据...
10:35:37:766  INFO 96163 --- [smartcampus] [SpringApplicationShutdownHook] c.a.s.model.store.MemoryStoreScheduler   : MemoryStore关闭完成
10:35:37:768  INFO 96163 --- [smartcampus] [SpringApplicationShutdownHook] c.a.s.s.i.CourseEnrollmentServiceImpl    : 开始关闭添加选课信息线程池
10:36:07:773 ERROR 96163 --- [smartcampus] [SpringApplicationShutdownHook] c.a.s.s.i.CourseEnrollmentServiceImpl    : 关闭添加选课信息线程失败，尝试强制关闭
10:36:07:776 ERROR 96163 --- [smartcampus] [SpringApplicationShutdownHook] c.a.s.s.i.CourseEnrollmentServiceImpl    : 强制关闭线程数量：0
10:36:07:775 ERROR 96163 --- [smartcampus] [pool-6-thread-1] c.a.s.s.i.CourseEnrollmentServiceImpl    : 添加选课信息线程被中断

java.lang.InterruptedException: null
	at java.base/java.util.concurrent.locks.AbstractQueuedSynchronizer$ConditionObject.await(AbstractQueuedSynchronizer.java:1727) ~[na:na]
	at java.base/java.util.concurrent.LinkedBlockingQueue.take(LinkedBlockingQueue.java:435) ~[na:na]
	at com.aiproject.smartcampus.service.impl.CourseEnrollmentServiceImpl.lambda$init$0(CourseEnrollmentServiceImpl.java:44) ~[classes/:na]
	at java.base/java.util.concurrent.Executors$RunnableAdapter.call(Executors.java:572) ~[na:na]
	at java.base/java.util.concurrent.FutureTask.run$$$capture(FutureTask.java:317) ~[na:na]
	at java.base/java.util.concurrent.FutureTask.run(FutureTask.java) ~[na:na]
	at java.base/java.util.concurrent.ThreadPoolExecutor.runWorker(ThreadPoolExecutor.java:1144) ~[na:na]
	at java.base/java.util.concurrent.ThreadPoolExecutor$Worker.run(ThreadPoolExecutor.java:642) ~[na:na]
	at java.base/java.lang.Thread.run(Thread.java:1575) ~[na:na]

10:36:07:781  INFO 96163 --- [smartcampus] [SpringApplicationShutdownHook] c.a.s.s.i.CourseEnrollmentServiceImpl    : 添加选课信息线程关闭成功
10:36:07:786  INFO 96163 --- [smartcampus] [SpringApplicationShutdownHook] com.zaxxer.hikari.HikariDataSource       : HikariPool-1 - Shutdown initiated...
10:36:07:794  INFO 96163 --- [smartcampus] [SpringApplicationShutdownHook] com.zaxxer.hikari.HikariDataSource       : HikariPool-1 - Shutdown completed.
10:36:07:795  INFO 96163 --- [smartcampus] [SpringApplicationShutdownHook] c.a.s.commons.easyuse.TaskExecutor       : 关闭TaskExecutor线程池
10:36:07:795  INFO 96163 --- [smartcampus] [SpringApplicationShutdownHook] c.a.s.c.d.IntentDelayedQueueClien        : 开始关闭延时队列客户端
10:36:07:795  INFO 96163 --- [smartcampus] [SpringApplicationShutdownHook] c.a.s.c.d.IntentDelayedQueueClien        : 线程池正常关闭
10:36:07:795  INFO 96163 --- [smartcampus] [SpringApplicationShutdownHook] c.a.s.c.d.IntentDelayedQueueClien        : 延时队列客户端已关闭，剩余队列任务：0，清理处理中任务：0
